2021-06-09 11:12:05,927 INFO 21988 [egg:logger] init all loggers with options: {"dir":"/Users/maowei/Documents/beauty/logs/beauty","encoding":"utf8","env":"local","level":"INFO","consoleLevel":"INFO","disableConsoleAfterReady":false,"outputJSON":false,"buffer":true,"appLogName":"beauty-web.log","coreLogName":"egg-web.log","agentLogName":"egg-agent.log","errorLogName":"common-error.log","coreLogger":{"consoleLevel":"WARN"},"allowDebugAtProd":false,"type":"application"}
2021-06-09 11:12:05,948 INFO 21988 [egg-multipart] stream mode enable
2021-06-09 11:12:06,005 INFO 21988 [egg-static] starting static serve /public/ -> /Users/maowei/Documents/beauty/app/public
2021-06-09 11:12:06,007 INFO 21988 [egg-security] use csrf middleware
2021-06-09 11:12:06,008 INFO 21988 [egg-security] use methodnoallow middleware
2021-06-09 11:12:06,008 INFO 21988 [egg-security] use noopen middleware
2021-06-09 11:12:06,012 INFO 21988 [egg-security] use nosniff middleware
2021-06-09 11:12:06,012 INFO 21988 [egg-security] use xssProtection middleware
2021-06-09 11:12:06,013 INFO 21988 [egg-security] use xframe middleware
2021-06-09 11:12:06,013 INFO 21988 [egg-security] use dta middleware
2021-06-09 11:12:06,013 INFO 21988 [egg-security] compose 7 middlewares into one security middleware
2021-06-09 11:12:06,020 INFO 21988 [egg:core] dump config after load, 4ms
2021-06-09 11:12:06,028 INFO 21988 [egg-watcher:application] watcher start success
2021-06-09 11:12:06,033 INFO 21988 [egg:core] dump config after ready, 3ms
2021-06-13 18:35:08,735 INFO 17556 [egg:logger] init all loggers with options: {"dir":"G:\\project\\beauty\\logs\\beauty","encoding":"utf8","env":"local","level":"INFO","consoleLevel":"INFO","disableConsoleAfterReady":false,"outputJSON":false,"buffer":true,"appLogName":"beauty-web.log","coreLogName":"egg-web.log","agentLogName":"egg-agent.log","errorLogName":"common-error.log","coreLogger":{"consoleLevel":"WARN"},"allowDebugAtProd":false,"type":"application"}
2021-06-13 18:35:08,759 INFO 17556 [egg-multipart] stream mode enable
2021-06-13 18:35:09,104 INFO 17556 [egg-static] starting static serve /public/ -> G:\project\beauty\app\public
2021-06-13 18:35:09,106 INFO 17556 [egg-security] use methodnoallow middleware
2021-06-13 18:35:09,106 INFO 17556 [egg-security] use noopen middleware
2021-06-13 18:35:09,107 INFO 17556 [egg-security] use nosniff middleware
2021-06-13 18:35:09,107 INFO 17556 [egg-security] use xssProtection middleware
2021-06-13 18:35:09,108 INFO 17556 [egg-security] use xframe middleware
2021-06-13 18:35:09,108 INFO 17556 [egg-security] use dta middleware
2021-06-13 18:35:09,108 INFO 17556 [egg-security] compose 6 middlewares into one security middleware
2021-06-13 18:35:09,120 INFO 17556 [egg:core] dump config after load, 4ms
2021-06-13 18:35:09,144 INFO 17556 [egg-watcher:application] watcher start success
2021-06-13 18:35:09,170 INFO 17556 [egg:core] dump config after ready, 6ms
2021-06-13 18:57:12,167 INFO 17240 [egg:logger] init all loggers with options: {"dir":"G:\\project\\beauty\\logs\\beauty","encoding":"utf8","env":"local","level":"INFO","consoleLevel":"INFO","disableConsoleAfterReady":false,"outputJSON":false,"buffer":true,"appLogName":"beauty-web.log","coreLogName":"egg-web.log","agentLogName":"egg-agent.log","errorLogName":"common-error.log","coreLogger":{"consoleLevel":"WARN"},"allowDebugAtProd":false,"type":"application"}
2021-06-13 18:57:12,192 INFO 17240 [egg-multipart] stream mode enable
2021-06-13 18:57:12,557 INFO 17240 [egg-static] starting static serve /public/ -> G:\project\beauty\app\public
2021-06-13 18:57:12,559 INFO 17240 [egg-security] use methodnoallow middleware
2021-06-13 18:57:12,560 INFO 17240 [egg-security] use noopen middleware
2021-06-13 18:57:12,561 INFO 17240 [egg-security] use nosniff middleware
2021-06-13 18:57:12,561 INFO 17240 [egg-security] use xssProtection middleware
2021-06-13 18:57:12,561 INFO 17240 [egg-security] use xframe middleware
2021-06-13 18:57:12,562 INFO 17240 [egg-security] use dta middleware
2021-06-13 18:57:12,562 INFO 17240 [egg-security] compose 6 middlewares into one security middleware
2021-06-13 18:57:12,574 INFO 17240 [egg:core] dump config after load, 4ms
2021-06-13 18:57:12,600 INFO 17240 [egg-watcher:application] watcher start success
2021-06-13 18:57:12,624 INFO 17240 [egg:core] dump config after ready, 4ms
2021-06-13 18:58:31,789 INFO 11428 [egg:logger] init all loggers with options: {"dir":"G:\\project\\beauty\\logs\\beauty","encoding":"utf8","env":"local","level":"INFO","consoleLevel":"INFO","disableConsoleAfterReady":false,"outputJSON":false,"buffer":true,"appLogName":"beauty-web.log","coreLogName":"egg-web.log","agentLogName":"egg-agent.log","errorLogName":"common-error.log","coreLogger":{"consoleLevel":"WARN"},"allowDebugAtProd":false,"type":"application"}
2021-06-13 18:58:31,814 INFO 11428 [egg-multipart] stream mode enable
2021-06-13 18:58:32,142 INFO 11428 [egg-static] starting static serve /public/ -> G:\project\beauty\app\public
2021-06-13 18:58:32,144 INFO 11428 [egg-security] use methodnoallow middleware
2021-06-13 18:58:32,144 INFO 11428 [egg-security] use noopen middleware
2021-06-13 18:58:32,145 INFO 11428 [egg-security] use nosniff middleware
2021-06-13 18:58:32,145 INFO 11428 [egg-security] use xssProtection middleware
2021-06-13 18:58:32,146 INFO 11428 [egg-security] use xframe middleware
2021-06-13 18:58:32,146 INFO 11428 [egg-security] use dta middleware
2021-06-13 18:58:32,146 INFO 11428 [egg-security] compose 6 middlewares into one security middleware
2021-06-13 18:58:32,157 INFO 11428 [egg:core] dump config after load, 3ms
2021-06-13 18:58:32,181 INFO 11428 [egg-watcher:application] watcher start success
2021-06-13 18:58:32,204 INFO 11428 [egg:core] dump config after ready, 5ms
2021-06-13 18:58:33,313 INFO 16200 [egg:logger] init all loggers with options: {"dir":"G:\\project\\beauty\\logs\\beauty","encoding":"utf8","env":"local","level":"INFO","consoleLevel":"INFO","disableConsoleAfterReady":false,"outputJSON":false,"buffer":true,"appLogName":"beauty-web.log","coreLogName":"egg-web.log","agentLogName":"egg-agent.log","errorLogName":"common-error.log","coreLogger":{"consoleLevel":"WARN"},"allowDebugAtProd":false,"type":"application"}
2021-06-13 18:58:33,337 INFO 16200 [egg-multipart] stream mode enable
2021-06-13 18:58:33,711 INFO 16200 [egg-static] starting static serve /public/ -> G:\project\beauty\app\public
2021-06-13 18:58:33,713 INFO 16200 [egg-security] use methodnoallow middleware
2021-06-13 18:58:33,714 INFO 16200 [egg-security] use noopen middleware
2021-06-13 18:58:33,714 INFO 16200 [egg-security] use nosniff middleware
2021-06-13 18:58:33,715 INFO 16200 [egg-security] use xssProtection middleware
2021-06-13 18:58:33,715 INFO 16200 [egg-security] use xframe middleware
2021-06-13 18:58:33,716 INFO 16200 [egg-security] use dta middleware
2021-06-13 18:58:33,716 INFO 16200 [egg-security] compose 6 middlewares into one security middleware
2021-06-13 18:58:33,729 INFO 16200 [egg:core] dump config after load, 5ms
2021-06-13 18:58:33,758 INFO 16200 [egg-watcher:application] watcher start success
2021-06-13 18:58:33,784 INFO 16200 [egg:core] dump config after ready, 5ms
2021-06-13 19:02:14,995 INFO 7600 [egg:logger] init all loggers with options: {"dir":"G:\\project\\beauty\\logs\\beauty","encoding":"utf8","env":"local","level":"INFO","consoleLevel":"INFO","disableConsoleAfterReady":false,"outputJSON":false,"buffer":true,"appLogName":"beauty-web.log","coreLogName":"egg-web.log","agentLogName":"egg-agent.log","errorLogName":"common-error.log","coreLogger":{"consoleLevel":"WARN"},"allowDebugAtProd":false,"type":"application"}
2021-06-13 19:02:15,020 INFO 7600 [egg-multipart] stream mode enable
2021-06-13 19:02:15,400 INFO 7600 [egg-static] starting static serve /public/ -> G:\project\beauty\app\public
2021-06-13 19:02:15,402 INFO 7600 [egg-security] use methodnoallow middleware
2021-06-13 19:02:15,402 INFO 7600 [egg-security] use noopen middleware
2021-06-13 19:02:15,403 INFO 7600 [egg-security] use nosniff middleware
2021-06-13 19:02:15,403 INFO 7600 [egg-security] use xssProtection middleware
2021-06-13 19:02:15,404 INFO 7600 [egg-security] use xframe middleware
2021-06-13 19:02:15,404 INFO 7600 [egg-security] use dta middleware
2021-06-13 19:02:15,404 INFO 7600 [egg-security] compose 6 middlewares into one security middleware
2021-06-13 19:02:15,417 INFO 7600 [egg:core] dump config after load, 4ms
2021-06-13 19:02:15,461 INFO 7600 [egg-watcher:application] watcher start success
2021-06-13 19:02:15,486 INFO 7600 [egg:core] dump config after ready, 6ms
2021-06-13 19:02:16,626 INFO 13196 [egg:logger] init all loggers with options: {"dir":"G:\\project\\beauty\\logs\\beauty","encoding":"utf8","env":"local","level":"INFO","consoleLevel":"INFO","disableConsoleAfterReady":false,"outputJSON":false,"buffer":true,"appLogName":"beauty-web.log","coreLogName":"egg-web.log","agentLogName":"egg-agent.log","errorLogName":"common-error.log","coreLogger":{"consoleLevel":"WARN"},"allowDebugAtProd":false,"type":"application"}
2021-06-13 19:02:16,651 INFO 13196 [egg-multipart] stream mode enable
2021-06-13 19:02:17,017 INFO 13196 [egg-static] starting static serve /public/ -> G:\project\beauty\app\public
2021-06-13 19:02:17,019 INFO 13196 [egg-security] use methodnoallow middleware
2021-06-13 19:02:17,019 INFO 13196 [egg-security] use noopen middleware
2021-06-13 19:02:17,020 INFO 13196 [egg-security] use nosniff middleware
2021-06-13 19:02:17,020 INFO 13196 [egg-security] use xssProtection middleware
2021-06-13 19:02:17,021 INFO 13196 [egg-security] use xframe middleware
2021-06-13 19:02:17,021 INFO 13196 [egg-security] use dta middleware
2021-06-13 19:02:17,021 INFO 13196 [egg-security] compose 6 middlewares into one security middleware
2021-06-13 19:02:17,034 INFO 13196 [egg:core] dump config after load, 4ms
2021-06-13 19:02:17,063 INFO 13196 [egg-watcher:application] watcher start success
2021-06-13 19:02:17,089 INFO 13196 [egg:core] dump config after ready, 7ms
2021-06-13 19:04:27,943 INFO 18340 [egg:logger] init all loggers with options: {"dir":"G:\\project\\beauty\\logs\\beauty","encoding":"utf8","env":"local","level":"INFO","consoleLevel":"INFO","disableConsoleAfterReady":false,"outputJSON":false,"buffer":true,"appLogName":"beauty-web.log","coreLogName":"egg-web.log","agentLogName":"egg-agent.log","errorLogName":"common-error.log","coreLogger":{"consoleLevel":"WARN"},"allowDebugAtProd":false,"type":"application"}
2021-06-13 19:04:27,970 INFO 18340 [egg-multipart] stream mode enable
2021-06-13 19:04:28,331 INFO 18340 [egg-static] starting static serve /public/ -> G:\project\beauty\app\public
2021-06-13 19:04:28,335 INFO 18340 [egg-security] use methodnoallow middleware
2021-06-13 19:04:28,337 INFO 18340 [egg-security] use noopen middleware
2021-06-13 19:04:28,338 INFO 18340 [egg-security] use nosniff middleware
2021-06-13 19:04:28,339 INFO 18340 [egg-security] use xssProtection middleware
2021-06-13 19:04:28,340 INFO 18340 [egg-security] use xframe middleware
2021-06-13 19:04:28,341 INFO 18340 [egg-security] use dta middleware
2021-06-13 19:04:28,341 INFO 18340 [egg-security] compose 6 middlewares into one security middleware
2021-06-13 19:04:28,366 INFO 18340 [egg:core] dump config after load, 8ms
2021-06-13 19:04:28,399 INFO 18340 [egg-watcher:application] watcher start success
2021-06-13 19:04:28,422 INFO 18340 [egg:core] dump config after ready, 5ms
2021-06-13 19:09:03,140 INFO 19128 [egg:logger] init all loggers with options: {"dir":"G:\\project\\beauty\\logs\\beauty","encoding":"utf8","env":"local","level":"INFO","consoleLevel":"INFO","disableConsoleAfterReady":false,"outputJSON":false,"buffer":true,"appLogName":"beauty-web.log","coreLogName":"egg-web.log","agentLogName":"egg-agent.log","errorLogName":"common-error.log","coreLogger":{"consoleLevel":"WARN"},"allowDebugAtProd":false,"type":"application"}
2021-06-13 19:09:03,168 INFO 19128 [egg-multipart] stream mode enable
2021-06-13 19:09:03,541 INFO 19128 [egg-static] starting static serve /public/ -> G:\project\beauty\app\public
2021-06-13 19:09:03,544 INFO 19128 [egg-security] use methodnoallow middleware
2021-06-13 19:09:03,545 INFO 19128 [egg-security] use noopen middleware
2021-06-13 19:09:03,546 INFO 19128 [egg-security] use nosniff middleware
2021-06-13 19:09:03,547 INFO 19128 [egg-security] use xssProtection middleware
2021-06-13 19:09:03,547 INFO 19128 [egg-security] use xframe middleware
2021-06-13 19:09:03,548 INFO 19128 [egg-security] use dta middleware
2021-06-13 19:09:03,548 INFO 19128 [egg-security] compose 6 middlewares into one security middleware
2021-06-13 19:09:03,560 INFO 19128 [egg:core] dump config after load, 4ms
2021-06-13 19:09:03,588 INFO 19128 [egg-watcher:application] watcher start success
2021-06-13 19:09:03,614 INFO 19128 [egg:core] dump config after ready, 8ms
2021-06-13 19:09:04,802 INFO 19760 [egg:logger] init all loggers with options: {"dir":"G:\\project\\beauty\\logs\\beauty","encoding":"utf8","env":"local","level":"INFO","consoleLevel":"INFO","disableConsoleAfterReady":false,"outputJSON":false,"buffer":true,"appLogName":"beauty-web.log","coreLogName":"egg-web.log","agentLogName":"egg-agent.log","errorLogName":"common-error.log","coreLogger":{"consoleLevel":"WARN"},"allowDebugAtProd":false,"type":"application"}
2021-06-13 19:09:04,826 INFO 19760 [egg-multipart] stream mode enable
2021-06-13 19:09:05,208 INFO 19760 [egg-static] starting static serve /public/ -> G:\project\beauty\app\public
2021-06-13 19:09:05,210 INFO 19760 [egg-security] use methodnoallow middleware
2021-06-13 19:09:05,211 INFO 19760 [egg-security] use noopen middleware
2021-06-13 19:09:05,212 INFO 19760 [egg-security] use nosniff middleware
2021-06-13 19:09:05,212 INFO 19760 [egg-security] use xssProtection middleware
2021-06-13 19:09:05,213 INFO 19760 [egg-security] use xframe middleware
2021-06-13 19:09:05,214 INFO 19760 [egg-security] use dta middleware
2021-06-13 19:09:05,214 INFO 19760 [egg-security] compose 6 middlewares into one security middleware
2021-06-13 19:09:05,231 INFO 19760 [egg:core] dump config after load, 9ms
2021-06-13 19:09:05,263 INFO 19760 [egg-watcher:application] watcher start success
2021-06-13 19:09:05,295 INFO 19760 [egg:core] dump config after ready, 10ms
2021-06-13 19:09:38,387 INFO 20296 [egg:logger] init all loggers with options: {"dir":"G:\\project\\beauty\\logs\\beauty","encoding":"utf8","env":"local","level":"INFO","consoleLevel":"INFO","disableConsoleAfterReady":false,"outputJSON":false,"buffer":true,"appLogName":"beauty-web.log","coreLogName":"egg-web.log","agentLogName":"egg-agent.log","errorLogName":"common-error.log","coreLogger":{"consoleLevel":"WARN"},"allowDebugAtProd":false,"type":"application"}
2021-06-13 19:09:38,419 INFO 20296 [egg-multipart] stream mode enable
2021-06-13 19:09:38,833 INFO 20296 [egg-static] starting static serve /public/ -> G:\project\beauty\app\public
2021-06-13 19:09:38,836 INFO 20296 [egg-security] use methodnoallow middleware
2021-06-13 19:09:38,836 INFO 20296 [egg-security] use noopen middleware
2021-06-13 19:09:38,837 INFO 20296 [egg-security] use nosniff middleware
2021-06-13 19:09:38,837 INFO 20296 [egg-security] use xssProtection middleware
2021-06-13 19:09:38,838 INFO 20296 [egg-security] use xframe middleware
2021-06-13 19:09:38,838 INFO 20296 [egg-security] use dta middleware
2021-06-13 19:09:38,838 INFO 20296 [egg-security] compose 6 middlewares into one security middleware
2021-06-13 19:09:38,850 INFO 20296 [egg:core] dump config after load, 4ms
2021-06-13 19:09:38,877 INFO 20296 [egg-watcher:application] watcher start success
2021-06-13 19:09:38,901 INFO 20296 [egg:core] dump config after ready, 5ms
2021-06-13 19:12:39,802 INFO 15316 [egg:logger] init all loggers with options: {"dir":"G:\\project\\beauty\\logs\\beauty","encoding":"utf8","env":"local","level":"INFO","consoleLevel":"INFO","disableConsoleAfterReady":false,"outputJSON":false,"buffer":true,"appLogName":"beauty-web.log","coreLogName":"egg-web.log","agentLogName":"egg-agent.log","errorLogName":"common-error.log","coreLogger":{"consoleLevel":"WARN"},"allowDebugAtProd":false,"type":"application"}
2021-06-13 19:12:39,830 INFO 15316 [egg-multipart] stream mode enable
2021-06-13 19:12:40,242 INFO 15316 [egg-static] starting static serve /public/ -> G:\project\beauty\app\public
2021-06-13 19:12:40,244 INFO 15316 [egg-security] use methodnoallow middleware
2021-06-13 19:12:40,246 INFO 15316 [egg-security] use noopen middleware
2021-06-13 19:12:40,246 INFO 15316 [egg-security] use nosniff middleware
2021-06-13 19:12:40,247 INFO 15316 [egg-security] use xssProtection middleware
2021-06-13 19:12:40,247 INFO 15316 [egg-security] use xframe middleware
2021-06-13 19:12:40,248 INFO 15316 [egg-security] use dta middleware
2021-06-13 19:12:40,248 INFO 15316 [egg-security] compose 6 middlewares into one security middleware
2021-06-13 19:12:40,262 INFO 15316 [egg:core] dump config after load, 6ms
2021-06-13 19:12:40,302 INFO 15316 [egg-watcher:application] watcher start success
2021-06-13 19:12:40,337 INFO 15316 [egg:core] dump config after ready, 9ms
2021-06-13 19:15:37,362 INFO 13180 [egg:logger] init all loggers with options: {"dir":"G:\\project\\beauty\\logs\\beauty","encoding":"utf8","env":"local","level":"INFO","consoleLevel":"INFO","disableConsoleAfterReady":false,"outputJSON":false,"buffer":true,"appLogName":"beauty-web.log","coreLogName":"egg-web.log","agentLogName":"egg-agent.log","errorLogName":"common-error.log","coreLogger":{"consoleLevel":"WARN"},"allowDebugAtProd":false,"type":"application"}
2021-06-13 19:15:37,392 INFO 13180 [egg-multipart] stream mode enable
2021-06-13 19:15:37,747 INFO 13180 [egg-static] starting static serve /public/ -> G:\project\beauty\app\public
2021-06-13 19:15:37,749 INFO 13180 [egg-security] use methodnoallow middleware
2021-06-13 19:15:37,750 INFO 13180 [egg-security] use noopen middleware
2021-06-13 19:15:37,750 INFO 13180 [egg-security] use nosniff middleware
2021-06-13 19:15:37,751 INFO 13180 [egg-security] use xssProtection middleware
2021-06-13 19:15:37,751 INFO 13180 [egg-security] use xframe middleware
2021-06-13 19:15:37,752 INFO 13180 [egg-security] use dta middleware
2021-06-13 19:15:37,752 INFO 13180 [egg-security] compose 6 middlewares into one security middleware
2021-06-13 19:15:37,763 INFO 13180 [egg:core] dump config after load, 4ms
2021-06-13 19:15:37,792 INFO 13180 [egg-watcher:application] watcher start success
2021-06-13 19:15:37,816 INFO 13180 [egg:core] dump config after ready, 5ms
2021-06-13 19:15:51,419 INFO 13556 [egg:logger] init all loggers with options: {"dir":"G:\\project\\beauty\\logs\\beauty","encoding":"utf8","env":"local","level":"INFO","consoleLevel":"INFO","disableConsoleAfterReady":false,"outputJSON":false,"buffer":true,"appLogName":"beauty-web.log","coreLogName":"egg-web.log","agentLogName":"egg-agent.log","errorLogName":"common-error.log","coreLogger":{"consoleLevel":"WARN"},"allowDebugAtProd":false,"type":"application"}
2021-06-13 19:15:51,451 INFO 13556 [egg-multipart] stream mode enable
2021-06-13 19:15:51,807 INFO 13556 [egg-static] starting static serve /public/ -> G:\project\beauty\app\public
2021-06-13 19:15:51,809 INFO 13556 [egg-security] use methodnoallow middleware
2021-06-13 19:15:51,810 INFO 13556 [egg-security] use noopen middleware
2021-06-13 19:15:51,810 INFO 13556 [egg-security] use nosniff middleware
2021-06-13 19:15:51,811 INFO 13556 [egg-security] use xssProtection middleware
2021-06-13 19:15:51,811 INFO 13556 [egg-security] use xframe middleware
2021-06-13 19:15:51,812 INFO 13556 [egg-security] use dta middleware
2021-06-13 19:15:51,812 INFO 13556 [egg-security] compose 6 middlewares into one security middleware
2021-06-13 19:15:51,823 INFO 13556 [egg:core] dump config after load, 4ms
2021-06-13 19:15:51,848 INFO 13556 [egg-watcher:application] watcher start success
2021-06-13 19:15:51,871 INFO 13556 [egg:core] dump config after ready, 4ms
2021-06-13 19:19:37,747 INFO 14184 [egg:logger] init all loggers with options: {"dir":"G:\\project\\beauty\\logs\\beauty","encoding":"utf8","env":"local","level":"INFO","consoleLevel":"INFO","disableConsoleAfterReady":false,"outputJSON":false,"buffer":true,"appLogName":"beauty-web.log","coreLogName":"egg-web.log","agentLogName":"egg-agent.log","errorLogName":"common-error.log","coreLogger":{"consoleLevel":"WARN"},"allowDebugAtProd":false,"type":"application"}
2021-06-13 19:19:37,775 INFO 14184 [egg-multipart] stream mode enable
2021-06-13 19:19:38,173 INFO 14184 [egg-static] starting static serve /public/ -> G:\project\beauty\app\public
2021-06-13 19:19:38,175 INFO 14184 [egg-security] use methodnoallow middleware
2021-06-13 19:19:38,175 INFO 14184 [egg-security] use noopen middleware
2021-06-13 19:19:38,176 INFO 14184 [egg-security] use nosniff middleware
2021-06-13 19:19:38,176 INFO 14184 [egg-security] use xssProtection middleware
2021-06-13 19:19:38,177 INFO 14184 [egg-security] use xframe middleware
2021-06-13 19:19:38,177 INFO 14184 [egg-security] use dta middleware
2021-06-13 19:19:38,177 INFO 14184 [egg-security] compose 6 middlewares into one security middleware
2021-06-13 19:19:38,190 INFO 14184 [egg:core] dump config after load, 4ms
2021-06-13 19:19:38,217 INFO 14184 [egg-watcher:application] watcher start success
2021-06-13 19:19:38,244 INFO 14184 [egg:core] dump config after ready, 5ms
2021-06-13 19:19:39,317 INFO 10224 [egg:logger] init all loggers with options: {"dir":"G:\\project\\beauty\\logs\\beauty","encoding":"utf8","env":"local","level":"INFO","consoleLevel":"INFO","disableConsoleAfterReady":false,"outputJSON":false,"buffer":true,"appLogName":"beauty-web.log","coreLogName":"egg-web.log","agentLogName":"egg-agent.log","errorLogName":"common-error.log","coreLogger":{"consoleLevel":"WARN"},"allowDebugAtProd":false,"type":"application"}
2021-06-13 19:19:39,341 INFO 10224 [egg-multipart] stream mode enable
2021-06-13 19:19:39,668 INFO 10224 [egg-static] starting static serve /public/ -> G:\project\beauty\app\public
2021-06-13 19:19:39,669 INFO 10224 [egg-security] use methodnoallow middleware
2021-06-13 19:19:39,670 INFO 10224 [egg-security] use noopen middleware
2021-06-13 19:19:39,670 INFO 10224 [egg-security] use nosniff middleware
2021-06-13 19:19:39,671 INFO 10224 [egg-security] use xssProtection middleware
2021-06-13 19:19:39,671 INFO 10224 [egg-security] use xframe middleware
2021-06-13 19:19:39,672 INFO 10224 [egg-security] use dta middleware
2021-06-13 19:19:39,672 INFO 10224 [egg-security] compose 6 middlewares into one security middleware
2021-06-13 19:19:39,683 INFO 10224 [egg:core] dump config after load, 4ms
2021-06-13 19:19:39,708 INFO 10224 [egg-watcher:application] watcher start success
2021-06-13 19:19:39,733 INFO 10224 [egg:core] dump config after ready, 5ms
2021-06-13 19:20:45,931 INFO 10164 [egg:logger] init all loggers with options: {"dir":"G:\\project\\beauty\\logs\\beauty","encoding":"utf8","env":"local","level":"INFO","consoleLevel":"INFO","disableConsoleAfterReady":false,"outputJSON":false,"buffer":true,"appLogName":"beauty-web.log","coreLogName":"egg-web.log","agentLogName":"egg-agent.log","errorLogName":"common-error.log","coreLogger":{"consoleLevel":"WARN"},"allowDebugAtProd":false,"type":"application"}
2021-06-13 19:20:45,956 INFO 10164 [egg-multipart] stream mode enable
2021-06-13 19:20:46,289 INFO 10164 [egg-static] starting static serve /public/ -> G:\project\beauty\app\public
2021-06-13 19:20:46,293 INFO 10164 [egg-security] use methodnoallow middleware
2021-06-13 19:20:46,294 INFO 10164 [egg-security] use noopen middleware
2021-06-13 19:20:46,295 INFO 10164 [egg-security] use nosniff middleware
2021-06-13 19:20:46,296 INFO 10164 [egg-security] use xssProtection middleware
2021-06-13 19:20:46,297 INFO 10164 [egg-security] use xframe middleware
2021-06-13 19:20:46,298 INFO 10164 [egg-security] use dta middleware
2021-06-13 19:20:46,298 INFO 10164 [egg-security] compose 6 middlewares into one security middleware
2021-06-13 19:20:46,321 INFO 10164 [egg:core] dump config after load, 5ms
2021-06-13 19:20:46,345 INFO 10164 [egg-watcher:application] watcher start success
2021-06-13 19:20:46,367 INFO 10164 [egg:core] dump config after ready, 4ms
2021-06-13 19:20:50,155 INFO 19888 [egg:logger] init all loggers with options: {"dir":"G:\\project\\beauty\\logs\\beauty","encoding":"utf8","env":"local","level":"INFO","consoleLevel":"INFO","disableConsoleAfterReady":false,"outputJSON":false,"buffer":true,"appLogName":"beauty-web.log","coreLogName":"egg-web.log","agentLogName":"egg-agent.log","errorLogName":"common-error.log","coreLogger":{"consoleLevel":"WARN"},"allowDebugAtProd":false,"type":"application"}
2021-06-13 19:20:50,182 INFO 19888 [egg-multipart] stream mode enable
2021-06-13 19:20:50,551 INFO 19888 [egg-static] starting static serve /public/ -> G:\project\beauty\app\public
2021-06-13 19:20:50,553 INFO 19888 [egg-security] use methodnoallow middleware
2021-06-13 19:20:50,554 INFO 19888 [egg-security] use noopen middleware
2021-06-13 19:20:50,554 INFO 19888 [egg-security] use nosniff middleware
2021-06-13 19:20:50,555 INFO 19888 [egg-security] use xssProtection middleware
2021-06-13 19:20:50,556 INFO 19888 [egg-security] use xframe middleware
2021-06-13 19:20:50,556 INFO 19888 [egg-security] use dta middleware
2021-06-13 19:20:50,556 INFO 19888 [egg-security] compose 6 middlewares into one security middleware
2021-06-13 19:20:50,569 INFO 19888 [egg:core] dump config after load, 4ms
2021-06-13 19:20:50,610 INFO 19888 [egg-watcher:application] watcher start success
2021-06-13 19:20:50,635 INFO 19888 [egg:core] dump config after ready, 5ms
2021-06-13 19:24:07,391 INFO 14464 [egg:logger] init all loggers with options: {"dir":"G:\\project\\beauty\\logs\\beauty","encoding":"utf8","env":"local","level":"INFO","consoleLevel":"INFO","disableConsoleAfterReady":false,"outputJSON":false,"buffer":true,"appLogName":"beauty-web.log","coreLogName":"egg-web.log","agentLogName":"egg-agent.log","errorLogName":"common-error.log","coreLogger":{"consoleLevel":"WARN"},"allowDebugAtProd":false,"type":"application"}
2021-06-13 19:24:07,417 INFO 14464 [egg-multipart] stream mode enable
2021-06-13 19:24:07,804 INFO 14464 [egg-static] starting static serve /public/ -> G:\project\beauty\app\public
2021-06-13 19:24:07,807 INFO 14464 [egg-security] use methodnoallow middleware
2021-06-13 19:24:07,808 INFO 14464 [egg-security] use noopen middleware
2021-06-13 19:24:07,810 INFO 14464 [egg-security] use nosniff middleware
2021-06-13 19:24:07,811 INFO 14464 [egg-security] use xssProtection middleware
2021-06-13 19:24:07,811 INFO 14464 [egg-security] use xframe middleware
2021-06-13 19:24:07,812 INFO 14464 [egg-security] use dta middleware
2021-06-13 19:24:07,812 INFO 14464 [egg-security] compose 6 middlewares into one security middleware
2021-06-13 19:24:07,827 INFO 14464 [egg:core] dump config after load, 5ms
2021-06-13 19:24:07,853 INFO 14464 [egg-watcher:application] watcher start success
2021-06-13 19:24:07,877 INFO 14464 [egg:core] dump config after ready, 6ms
2021-06-13 19:26:38,693 INFO 20248 [egg:logger] init all loggers with options: {"dir":"G:\\project\\beauty\\logs\\beauty","encoding":"utf8","env":"local","level":"INFO","consoleLevel":"INFO","disableConsoleAfterReady":false,"outputJSON":false,"buffer":true,"appLogName":"beauty-web.log","coreLogName":"egg-web.log","agentLogName":"egg-agent.log","errorLogName":"common-error.log","coreLogger":{"consoleLevel":"WARN"},"allowDebugAtProd":false,"type":"application"}
2021-06-13 19:26:38,724 INFO 20248 [egg-multipart] stream mode enable
2021-06-13 19:26:39,133 INFO 20248 [egg-static] starting static serve /public/ -> G:\project\beauty\app\public
2021-06-13 19:26:39,135 INFO 20248 [egg-security] use methodnoallow middleware
2021-06-13 19:26:39,136 INFO 20248 [egg-security] use noopen middleware
2021-06-13 19:26:39,136 INFO 20248 [egg-security] use nosniff middleware
2021-06-13 19:26:39,137 INFO 20248 [egg-security] use xssProtection middleware
2021-06-13 19:26:39,137 INFO 20248 [egg-security] use xframe middleware
2021-06-13 19:26:39,138 INFO 20248 [egg-security] use dta middleware
2021-06-13 19:26:39,138 INFO 20248 [egg-security] compose 6 middlewares into one security middleware
2021-06-13 19:26:39,152 INFO 20248 [egg:core] dump config after load, 6ms
2021-06-13 19:26:39,176 INFO 20248 [egg-watcher:application] watcher start success
2021-06-13 19:26:39,203 INFO 20248 [egg:core] dump config after ready, 7ms
2021-06-13 19:29:31,734 INFO 9064 [egg:logger] init all loggers with options: {"dir":"G:\\project\\beauty\\logs\\beauty","encoding":"utf8","env":"local","level":"INFO","consoleLevel":"INFO","disableConsoleAfterReady":false,"outputJSON":false,"buffer":true,"appLogName":"beauty-web.log","coreLogName":"egg-web.log","agentLogName":"egg-agent.log","errorLogName":"common-error.log","coreLogger":{"consoleLevel":"WARN"},"allowDebugAtProd":false,"type":"application"}
2021-06-13 19:29:31,761 INFO 9064 [egg-multipart] stream mode enable
2021-06-13 19:29:32,105 INFO 9064 [egg-static] starting static serve /public/ -> G:\project\beauty\app\public
2021-06-13 19:29:32,107 INFO 9064 [egg-security] use methodnoallow middleware
2021-06-13 19:29:32,107 INFO 9064 [egg-security] use noopen middleware
2021-06-13 19:29:32,108 INFO 9064 [egg-security] use nosniff middleware
2021-06-13 19:29:32,108 INFO 9064 [egg-security] use xssProtection middleware
2021-06-13 19:29:32,108 INFO 9064 [egg-security] use xframe middleware
2021-06-13 19:29:32,109 INFO 9064 [egg-security] use dta middleware
2021-06-13 19:29:32,109 INFO 9064 [egg-security] compose 6 middlewares into one security middleware
2021-06-13 19:29:32,120 INFO 9064 [egg:core] dump config after load, 3ms
2021-06-13 19:29:32,146 INFO 9064 [egg-watcher:application] watcher start success
2021-06-13 19:29:32,182 INFO 9064 [egg:core] dump config after ready, 11ms
2021-06-13 19:29:33,312 INFO 14276 [egg:logger] init all loggers with options: {"dir":"G:\\project\\beauty\\logs\\beauty","encoding":"utf8","env":"local","level":"INFO","consoleLevel":"INFO","disableConsoleAfterReady":false,"outputJSON":false,"buffer":true,"appLogName":"beauty-web.log","coreLogName":"egg-web.log","agentLogName":"egg-agent.log","errorLogName":"common-error.log","coreLogger":{"consoleLevel":"WARN"},"allowDebugAtProd":false,"type":"application"}
2021-06-13 19:29:33,336 INFO 14276 [egg-multipart] stream mode enable
2021-06-13 19:29:33,673 INFO 14276 [egg-static] starting static serve /public/ -> G:\project\beauty\app\public
2021-06-13 19:29:33,675 INFO 14276 [egg-security] use methodnoallow middleware
2021-06-13 19:29:33,675 INFO 14276 [egg-security] use noopen middleware
2021-06-13 19:29:33,676 INFO 14276 [egg-security] use nosniff middleware
2021-06-13 19:29:33,676 INFO 14276 [egg-security] use xssProtection middleware
2021-06-13 19:29:33,677 INFO 14276 [egg-security] use xframe middleware
2021-06-13 19:29:33,677 INFO 14276 [egg-security] use dta middleware
2021-06-13 19:29:33,677 INFO 14276 [egg-security] compose 6 middlewares into one security middleware
2021-06-13 19:29:33,689 INFO 14276 [egg:core] dump config after load, 4ms
2021-06-13 19:29:33,716 INFO 14276 [egg-watcher:application] watcher start success
2021-06-13 19:29:33,740 INFO 14276 [egg:core] dump config after ready, 5ms
2021-06-13 19:29:49,684 INFO 9064 [egg:logger] init all loggers with options: {"dir":"G:\\project\\beauty\\logs\\beauty","encoding":"utf8","env":"local","level":"INFO","consoleLevel":"INFO","disableConsoleAfterReady":false,"outputJSON":false,"buffer":true,"appLogName":"beauty-web.log","coreLogName":"egg-web.log","agentLogName":"egg-agent.log","errorLogName":"common-error.log","coreLogger":{"consoleLevel":"WARN"},"allowDebugAtProd":false,"type":"application"}
2021-06-13 19:29:49,709 INFO 9064 [egg-multipart] stream mode enable
2021-06-13 19:29:50,049 INFO 9064 [egg-static] starting static serve /public/ -> G:\project\beauty\app\public
2021-06-13 19:29:50,050 INFO 9064 [egg-security] use methodnoallow middleware
2021-06-13 19:29:50,051 INFO 9064 [egg-security] use noopen middleware
2021-06-13 19:29:50,052 INFO 9064 [egg-security] use nosniff middleware
2021-06-13 19:29:50,052 INFO 9064 [egg-security] use xssProtection middleware
2021-06-13 19:29:50,052 INFO 9064 [egg-security] use xframe middleware
2021-06-13 19:29:50,053 INFO 9064 [egg-security] use dta middleware
2021-06-13 19:29:50,053 INFO 9064 [egg-security] compose 6 middlewares into one security middleware
2021-06-13 19:29:50,065 INFO 9064 [egg:core] dump config after load, 4ms
2021-06-13 19:29:50,090 INFO 9064 [egg-watcher:application] watcher start success
2021-06-13 19:29:50,115 INFO 9064 [egg:core] dump config after ready, 6ms
2021-06-13 19:30:08,114 INFO 17560 [egg:logger] init all loggers with options: {"dir":"G:\\project\\beauty\\logs\\beauty","encoding":"utf8","env":"local","level":"INFO","consoleLevel":"INFO","disableConsoleAfterReady":false,"outputJSON":false,"buffer":true,"appLogName":"beauty-web.log","coreLogName":"egg-web.log","agentLogName":"egg-agent.log","errorLogName":"common-error.log","coreLogger":{"consoleLevel":"WARN"},"allowDebugAtProd":false,"type":"application"}
2021-06-13 19:30:08,140 INFO 17560 [egg-multipart] stream mode enable
2021-06-13 19:30:08,473 INFO 17560 [egg-static] starting static serve /public/ -> G:\project\beauty\app\public
2021-06-13 19:30:08,475 INFO 17560 [egg-security] use methodnoallow middleware
2021-06-13 19:30:08,475 INFO 17560 [egg-security] use noopen middleware
2021-06-13 19:30:08,476 INFO 17560 [egg-security] use nosniff middleware
2021-06-13 19:30:08,476 INFO 17560 [egg-security] use xssProtection middleware
2021-06-13 19:30:08,477 INFO 17560 [egg-security] use xframe middleware
2021-06-13 19:30:08,477 INFO 17560 [egg-security] use dta middleware
2021-06-13 19:30:08,477 INFO 17560 [egg-security] compose 6 middlewares into one security middleware
2021-06-13 19:30:08,488 INFO 17560 [egg:core] dump config after load, 3ms
2021-06-13 19:30:08,514 INFO 17560 [egg-watcher:application] watcher start success
2021-06-13 19:30:08,537 INFO 17560 [egg:core] dump config after ready, 5ms
2021-06-13 19:32:20,572 INFO 3808 [egg:logger] init all loggers with options: {"dir":"G:\\project\\beauty\\logs\\beauty","encoding":"utf8","env":"local","level":"INFO","consoleLevel":"INFO","disableConsoleAfterReady":false,"outputJSON":false,"buffer":true,"appLogName":"beauty-web.log","coreLogName":"egg-web.log","agentLogName":"egg-agent.log","errorLogName":"common-error.log","coreLogger":{"consoleLevel":"WARN"},"allowDebugAtProd":false,"type":"application"}
2021-06-13 19:32:20,599 INFO 3808 [egg-multipart] stream mode enable
2021-06-13 19:32:20,965 INFO 3808 [egg-static] starting static serve /public/ -> G:\project\beauty\app\public
2021-06-13 19:32:20,969 INFO 3808 [egg-security] use methodnoallow middleware
2021-06-13 19:32:20,970 INFO 3808 [egg-security] use noopen middleware
2021-06-13 19:32:20,971 INFO 3808 [egg-security] use nosniff middleware
2021-06-13 19:32:20,971 INFO 3808 [egg-security] use xssProtection middleware
2021-06-13 19:32:20,972 INFO 3808 [egg-security] use xframe middleware
2021-06-13 19:32:20,972 INFO 3808 [egg-security] use dta middleware
2021-06-13 19:32:20,972 INFO 3808 [egg-security] compose 6 middlewares into one security middleware
2021-06-13 19:32:20,983 INFO 3808 [egg:core] dump config after load, 3ms
2021-06-13 19:32:21,009 INFO 3808 [egg-watcher:application] watcher start success
2021-06-13 19:32:21,035 INFO 3808 [egg:core] dump config after ready, 8ms
2021-06-13 19:32:29,920 INFO 3340 [egg:logger] init all loggers with options: {"dir":"G:\\project\\beauty\\logs\\beauty","encoding":"utf8","env":"local","level":"INFO","consoleLevel":"INFO","disableConsoleAfterReady":false,"outputJSON":false,"buffer":true,"appLogName":"beauty-web.log","coreLogName":"egg-web.log","agentLogName":"egg-agent.log","errorLogName":"common-error.log","coreLogger":{"consoleLevel":"WARN"},"allowDebugAtProd":false,"type":"application"}
2021-06-13 19:32:29,946 INFO 3340 [egg-multipart] stream mode enable
2021-06-13 19:32:30,281 INFO 3340 [egg-static] starting static serve /public/ -> G:\project\beauty\app\public
2021-06-13 19:32:30,283 INFO 3340 [egg-security] use methodnoallow middleware
2021-06-13 19:32:30,284 INFO 3340 [egg-security] use noopen middleware
2021-06-13 19:32:30,284 INFO 3340 [egg-security] use nosniff middleware
2021-06-13 19:32:30,285 INFO 3340 [egg-security] use xssProtection middleware
2021-06-13 19:32:30,285 INFO 3340 [egg-security] use xframe middleware
2021-06-13 19:32:30,286 INFO 3340 [egg-security] use dta middleware
2021-06-13 19:32:30,286 INFO 3340 [egg-security] compose 6 middlewares into one security middleware
2021-06-13 19:32:30,298 INFO 3340 [egg:core] dump config after load, 4ms
2021-06-13 19:32:30,322 INFO 3340 [egg-watcher:application] watcher start success
2021-06-13 19:32:30,345 INFO 3340 [egg:core] dump config after ready, 4ms
2021-06-13 19:32:34,374 INFO 2592 [egg:logger] init all loggers with options: {"dir":"G:\\project\\beauty\\logs\\beauty","encoding":"utf8","env":"local","level":"INFO","consoleLevel":"INFO","disableConsoleAfterReady":false,"outputJSON":false,"buffer":true,"appLogName":"beauty-web.log","coreLogName":"egg-web.log","agentLogName":"egg-agent.log","errorLogName":"common-error.log","coreLogger":{"consoleLevel":"WARN"},"allowDebugAtProd":false,"type":"application"}
2021-06-13 19:32:34,399 INFO 2592 [egg-multipart] stream mode enable
2021-06-13 19:32:34,745 INFO 2592 [egg-static] starting static serve /public/ -> G:\project\beauty\app\public
2021-06-13 19:32:34,747 INFO 2592 [egg-security] use methodnoallow middleware
2021-06-13 19:32:34,748 INFO 2592 [egg-security] use noopen middleware
2021-06-13 19:32:34,748 INFO 2592 [egg-security] use nosniff middleware
2021-06-13 19:32:34,749 INFO 2592 [egg-security] use xssProtection middleware
2021-06-13 19:32:34,749 INFO 2592 [egg-security] use xframe middleware
2021-06-13 19:32:34,750 INFO 2592 [egg-security] use dta middleware
2021-06-13 19:32:34,751 INFO 2592 [egg-security] compose 6 middlewares into one security middleware
2021-06-13 19:32:34,764 INFO 2592 [egg:core] dump config after load, 6ms
2021-06-13 19:32:34,791 INFO 2592 [egg-watcher:application] watcher start success
2021-06-13 19:32:34,816 INFO 2592 [egg:core] dump config after ready, 6ms
2021-06-13 19:37:30,093 INFO 16732 [egg:logger] init all loggers with options: {"dir":"G:\\project\\beauty\\logs\\beauty","encoding":"utf8","env":"local","level":"INFO","consoleLevel":"INFO","disableConsoleAfterReady":false,"outputJSON":false,"buffer":true,"appLogName":"beauty-web.log","coreLogName":"egg-web.log","agentLogName":"egg-agent.log","errorLogName":"common-error.log","coreLogger":{"consoleLevel":"WARN"},"allowDebugAtProd":false,"type":"application"}
2021-06-13 19:37:30,118 INFO 16732 [egg-multipart] stream mode enable
2021-06-13 19:37:30,471 INFO 16732 [egg-static] starting static serve /public/ -> G:\project\beauty\app\public
2021-06-13 19:37:30,473 INFO 16732 [egg-security] use methodnoallow middleware
2021-06-13 19:37:30,473 INFO 16732 [egg-security] use noopen middleware
2021-06-13 19:37:30,474 INFO 16732 [egg-security] use nosniff middleware
2021-06-13 19:37:30,474 INFO 16732 [egg-security] use xssProtection middleware
2021-06-13 19:37:30,475 INFO 16732 [egg-security] use xframe middleware
2021-06-13 19:37:30,475 INFO 16732 [egg-security] use dta middleware
2021-06-13 19:37:30,475 INFO 16732 [egg-security] compose 6 middlewares into one security middleware
2021-06-13 19:37:30,487 INFO 16732 [egg:core] dump config after load, 3ms
2021-06-13 19:37:30,517 INFO 16732 [egg-watcher:application] watcher start success
2021-06-13 19:37:30,563 INFO 16732 [egg:core] dump config after ready, 7ms
2021-06-13 19:37:31,663 INFO 17388 [egg:logger] init all loggers with options: {"dir":"G:\\project\\beauty\\logs\\beauty","encoding":"utf8","env":"local","level":"INFO","consoleLevel":"INFO","disableConsoleAfterReady":false,"outputJSON":false,"buffer":true,"appLogName":"beauty-web.log","coreLogName":"egg-web.log","agentLogName":"egg-agent.log","errorLogName":"common-error.log","coreLogger":{"consoleLevel":"WARN"},"allowDebugAtProd":false,"type":"application"}
2021-06-13 19:37:31,687 INFO 17388 [egg-multipart] stream mode enable
2021-06-13 19:37:32,043 INFO 17388 [egg-static] starting static serve /public/ -> G:\project\beauty\app\public
2021-06-13 19:37:32,045 INFO 17388 [egg-security] use methodnoallow middleware
2021-06-13 19:37:32,046 INFO 17388 [egg-security] use noopen middleware
2021-06-13 19:37:32,046 INFO 17388 [egg-security] use nosniff middleware
2021-06-13 19:37:32,047 INFO 17388 [egg-security] use xssProtection middleware
2021-06-13 19:37:32,047 INFO 17388 [egg-security] use xframe middleware
2021-06-13 19:37:32,048 INFO 17388 [egg-security] use dta middleware
2021-06-13 19:37:32,048 INFO 17388 [egg-security] compose 6 middlewares into one security middleware
2021-06-13 19:37:32,059 INFO 17388 [egg:core] dump config after load, 4ms
2021-06-13 19:37:32,085 INFO 17388 [egg-watcher:application] watcher start success
2021-06-13 19:37:32,108 INFO 17388 [egg:core] dump config after ready, 4ms
2021-06-13 19:40:47,828 INFO 19724 [egg:logger] init all loggers with options: {"dir":"G:\\project\\beauty\\logs\\beauty","encoding":"utf8","env":"local","level":"INFO","consoleLevel":"INFO","disableConsoleAfterReady":false,"outputJSON":false,"buffer":true,"appLogName":"beauty-web.log","coreLogName":"egg-web.log","agentLogName":"egg-agent.log","errorLogName":"common-error.log","coreLogger":{"consoleLevel":"WARN"},"allowDebugAtProd":false,"type":"application"}
2021-06-13 19:40:47,858 INFO 19724 [egg-multipart] stream mode enable
2021-06-13 19:40:48,215 INFO 19724 [egg-static] starting static serve /public/ -> G:\project\beauty\app\public
2021-06-13 19:40:48,217 INFO 19724 [egg-security] use methodnoallow middleware
2021-06-13 19:40:48,217 INFO 19724 [egg-security] use noopen middleware
2021-06-13 19:40:48,218 INFO 19724 [egg-security] use nosniff middleware
2021-06-13 19:40:48,218 INFO 19724 [egg-security] use xssProtection middleware
2021-06-13 19:40:48,219 INFO 19724 [egg-security] use xframe middleware
2021-06-13 19:40:48,219 INFO 19724 [egg-security] use dta middleware
2021-06-13 19:40:48,219 INFO 19724 [egg-security] compose 6 middlewares into one security middleware
2021-06-13 19:40:48,230 INFO 19724 [egg:core] dump config after load, 3ms
2021-06-13 19:40:48,255 INFO 19724 [egg-watcher:application] watcher start success
2021-06-13 19:40:48,278 INFO 19724 [egg:core] dump config after ready, 6ms
2021-06-13 19:40:55,111 INFO 18048 [egg:logger] init all loggers with options: {"dir":"G:\\project\\beauty\\logs\\beauty","encoding":"utf8","env":"local","level":"INFO","consoleLevel":"INFO","disableConsoleAfterReady":false,"outputJSON":false,"buffer":true,"appLogName":"beauty-web.log","coreLogName":"egg-web.log","agentLogName":"egg-agent.log","errorLogName":"common-error.log","coreLogger":{"consoleLevel":"WARN"},"allowDebugAtProd":false,"type":"application"}
2021-06-13 19:40:55,134 INFO 18048 [egg-multipart] stream mode enable
2021-06-13 19:40:55,455 INFO 18048 [egg-static] starting static serve /public/ -> G:\project\beauty\app\public
2021-06-13 19:40:55,457 INFO 18048 [egg-security] use methodnoallow middleware
2021-06-13 19:40:55,458 INFO 18048 [egg-security] use noopen middleware
2021-06-13 19:40:55,458 INFO 18048 [egg-security] use nosniff middleware
2021-06-13 19:40:55,459 INFO 18048 [egg-security] use xssProtection middleware
2021-06-13 19:40:55,459 INFO 18048 [egg-security] use xframe middleware
2021-06-13 19:40:55,460 INFO 18048 [egg-security] use dta middleware
2021-06-13 19:40:55,460 INFO 18048 [egg-security] compose 6 middlewares into one security middleware
2021-06-13 19:40:55,471 INFO 18048 [egg:core] dump config after load, 4ms
2021-06-13 19:40:55,495 INFO 18048 [egg-watcher:application] watcher start success
2021-06-13 19:40:55,518 INFO 18048 [egg:core] dump config after ready, 4ms
2021-06-13 19:42:08,347 INFO 17244 [egg:logger] init all loggers with options: {"dir":"G:\\project\\beauty\\logs\\beauty","encoding":"utf8","env":"local","level":"INFO","consoleLevel":"INFO","disableConsoleAfterReady":false,"outputJSON":false,"buffer":true,"appLogName":"beauty-web.log","coreLogName":"egg-web.log","agentLogName":"egg-agent.log","errorLogName":"common-error.log","coreLogger":{"consoleLevel":"WARN"},"allowDebugAtProd":false,"type":"application"}
2021-06-13 19:42:08,371 INFO 17244 [egg-multipart] stream mode enable
2021-06-13 19:42:08,708 INFO 17244 [egg-static] starting static serve /public/ -> G:\project\beauty\app\public
2021-06-13 19:42:08,710 INFO 17244 [egg-security] use methodnoallow middleware
2021-06-13 19:42:08,711 INFO 17244 [egg-security] use noopen middleware
2021-06-13 19:42:08,711 INFO 17244 [egg-security] use nosniff middleware
2021-06-13 19:42:08,712 INFO 17244 [egg-security] use xssProtection middleware
2021-06-13 19:42:08,712 INFO 17244 [egg-security] use xframe middleware
2021-06-13 19:42:08,713 INFO 17244 [egg-security] use dta middleware
2021-06-13 19:42:08,713 INFO 17244 [egg-security] compose 6 middlewares into one security middleware
2021-06-13 19:42:08,724 INFO 17244 [egg:core] dump config after load, 4ms
2021-06-13 19:42:08,748 INFO 17244 [egg-watcher:application] watcher start success
2021-06-13 19:42:08,769 INFO 17244 [egg:core] dump config after ready, 4ms
2021-06-20 15:25:25,647 INFO 15280 [egg:logger] init all loggers with options: {"dir":"G:\\project\\beauty\\logs\\beauty","encoding":"utf8","env":"local","level":"INFO","consoleLevel":"INFO","disableConsoleAfterReady":false,"outputJSON":false,"buffer":true,"appLogName":"beauty-web.log","coreLogName":"egg-web.log","agentLogName":"egg-agent.log","errorLogName":"common-error.log","coreLogger":{"consoleLevel":"WARN"},"allowDebugAtProd":false,"type":"application"}
2021-06-20 15:25:25,670 INFO 15280 [egg-multipart] stream mode enable
2021-06-20 15:25:26,152 INFO 15280 [egg-static] starting static serve /public/ -> G:\project\beauty\app\public
2021-06-20 15:25:26,155 INFO 15280 [egg-security] use methodnoallow middleware
2021-06-20 15:25:26,156 INFO 15280 [egg-security] use noopen middleware
2021-06-20 15:25:26,157 INFO 15280 [egg-security] use nosniff middleware
2021-06-20 15:25:26,157 INFO 15280 [egg-security] use xssProtection middleware
2021-06-20 15:25:26,158 INFO 15280 [egg-security] use xframe middleware
2021-06-20 15:25:26,159 INFO 15280 [egg-security] use dta middleware
2021-06-20 15:25:26,159 INFO 15280 [egg-security] compose 6 middlewares into one security middleware
2021-06-20 15:25:26,190 INFO 15280 [egg:core] dump config after load, 7ms
2021-06-20 15:25:26,206 INFO 15280 [egg-watcher:application] watcher start success
2021-06-20 15:25:26,260 INFO 15280 [egg:core] dump config after ready, 5ms
2021-06-20 15:26:12,653 INFO 3980 [egg:logger] init all loggers with options: {"dir":"G:\\project\\beauty\\logs\\beauty","encoding":"utf8","env":"local","level":"INFO","consoleLevel":"INFO","disableConsoleAfterReady":false,"outputJSON":false,"buffer":true,"appLogName":"beauty-web.log","coreLogName":"egg-web.log","agentLogName":"egg-agent.log","errorLogName":"common-error.log","coreLogger":{"consoleLevel":"WARN"},"allowDebugAtProd":false,"type":"application"}
2021-06-20 15:26:12,678 INFO 3980 [egg-multipart] stream mode enable
2021-06-20 15:26:12,997 INFO 3980 [egg-static] starting static serve /public/ -> G:\project\beauty\app\public
2021-06-20 15:26:12,999 INFO 3980 [egg-security] use methodnoallow middleware
2021-06-20 15:26:13,000 INFO 3980 [egg-security] use noopen middleware
2021-06-20 15:26:13,000 INFO 3980 [egg-security] use nosniff middleware
2021-06-20 15:26:13,001 INFO 3980 [egg-security] use xssProtection middleware
2021-06-20 15:26:13,001 INFO 3980 [egg-security] use xframe middleware
2021-06-20 15:26:13,002 INFO 3980 [egg-security] use dta middleware
2021-06-20 15:26:13,002 INFO 3980 [egg-security] compose 6 middlewares into one security middleware
2021-06-20 15:26:13,030 INFO 3980 [egg:core] dump config after load, 5ms
2021-06-20 15:26:13,057 INFO 3980 [egg-watcher:application] watcher start success
2021-06-20 15:26:13,079 INFO 3980 [egg:core] dump config after ready, 6ms
2021-06-20 15:26:22,550 INFO 7056 [egg:logger] init all loggers with options: {"dir":"G:\\project\\beauty\\logs\\beauty","encoding":"utf8","env":"local","level":"INFO","consoleLevel":"INFO","disableConsoleAfterReady":false,"outputJSON":false,"buffer":true,"appLogName":"beauty-web.log","coreLogName":"egg-web.log","agentLogName":"egg-agent.log","errorLogName":"common-error.log","coreLogger":{"consoleLevel":"WARN"},"allowDebugAtProd":false,"type":"application"}
2021-06-20 15:26:22,575 INFO 7056 [egg-multipart] stream mode enable
2021-06-20 15:26:22,896 INFO 7056 [egg-static] starting static serve /public/ -> G:\project\beauty\app\public
2021-06-20 15:26:22,897 INFO 7056 [egg-security] use methodnoallow middleware
2021-06-20 15:26:22,898 INFO 7056 [egg-security] use noopen middleware
2021-06-20 15:26:22,898 INFO 7056 [egg-security] use nosniff middleware
2021-06-20 15:26:22,899 INFO 7056 [egg-security] use xssProtection middleware
2021-06-20 15:26:22,899 INFO 7056 [egg-security] use xframe middleware
2021-06-20 15:26:22,900 INFO 7056 [egg-security] use dta middleware
2021-06-20 15:26:22,900 INFO 7056 [egg-security] compose 6 middlewares into one security middleware
2021-06-20 15:26:22,930 INFO 7056 [egg:core] dump config after load, 4ms
2021-06-20 15:26:22,955 INFO 7056 [egg-watcher:application] watcher start success
2021-06-20 15:26:22,984 INFO 7056 [egg:core] dump config after ready, 12ms
2021-06-20 15:26:31,789 INFO 2196 [egg:logger] init all loggers with options: {"dir":"G:\\project\\beauty\\logs\\beauty","encoding":"utf8","env":"local","level":"INFO","consoleLevel":"INFO","disableConsoleAfterReady":false,"outputJSON":false,"buffer":true,"appLogName":"beauty-web.log","coreLogName":"egg-web.log","agentLogName":"egg-agent.log","errorLogName":"common-error.log","coreLogger":{"consoleLevel":"WARN"},"allowDebugAtProd":false,"type":"application"}
2021-06-20 15:26:31,812 INFO 2196 [egg-multipart] stream mode enable
2021-06-20 15:26:32,246 INFO 2196 [egg-static] starting static serve /public/ -> G:\project\beauty\app\public
2021-06-20 15:26:32,248 INFO 2196 [egg-security] use methodnoallow middleware
2021-06-20 15:26:32,248 INFO 2196 [egg-security] use noopen middleware
2021-06-20 15:26:32,249 INFO 2196 [egg-security] use nosniff middleware
2021-06-20 15:26:32,249 INFO 2196 [egg-security] use xssProtection middleware
2021-06-20 15:26:32,250 INFO 2196 [egg-security] use xframe middleware
2021-06-20 15:26:32,251 INFO 2196 [egg-security] use dta middleware
2021-06-20 15:26:32,251 INFO 2196 [egg-security] compose 6 middlewares into one security middleware
2021-06-20 15:26:32,281 INFO 2196 [egg:core] dump config after load, 4ms
2021-06-20 15:26:32,310 INFO 2196 [egg-watcher:application] watcher start success
2021-06-20 15:26:32,332 INFO 2196 [egg:core] dump config after ready, 5ms
2021-06-20 15:26:39,865 INFO 3448 [egg:logger] init all loggers with options: {"dir":"G:\\project\\beauty\\logs\\beauty","encoding":"utf8","env":"local","level":"INFO","consoleLevel":"INFO","disableConsoleAfterReady":false,"outputJSON":false,"buffer":true,"appLogName":"beauty-web.log","coreLogName":"egg-web.log","agentLogName":"egg-agent.log","errorLogName":"common-error.log","coreLogger":{"consoleLevel":"WARN"},"allowDebugAtProd":false,"type":"application"}
2021-06-20 15:26:39,918 INFO 3448 [egg-multipart] stream mode enable
2021-06-20 15:26:40,272 INFO 3448 [egg-static] starting static serve /public/ -> G:\project\beauty\app\public
2021-06-20 15:26:40,274 INFO 3448 [egg-security] use methodnoallow middleware
2021-06-20 15:26:40,275 INFO 3448 [egg-security] use noopen middleware
2021-06-20 15:26:40,275 INFO 3448 [egg-security] use nosniff middleware
2021-06-20 15:26:40,276 INFO 3448 [egg-security] use xssProtection middleware
2021-06-20 15:26:40,276 INFO 3448 [egg-security] use xframe middleware
2021-06-20 15:26:40,277 INFO 3448 [egg-security] use dta middleware
2021-06-20 15:26:40,277 INFO 3448 [egg-security] compose 6 middlewares into one security middleware
2021-06-20 15:26:40,304 INFO 3448 [egg:core] dump config after load, 4ms
2021-06-20 15:26:40,355 INFO 3448 [egg-watcher:application] watcher start success
2021-06-20 15:26:40,386 INFO 3448 [egg:core] dump config after ready, 6ms
2021-06-20 15:26:48,111 INFO 8448 [egg:logger] init all loggers with options: {"dir":"G:\\project\\beauty\\logs\\beauty","encoding":"utf8","env":"local","level":"INFO","consoleLevel":"INFO","disableConsoleAfterReady":false,"outputJSON":false,"buffer":true,"appLogName":"beauty-web.log","coreLogName":"egg-web.log","agentLogName":"egg-agent.log","errorLogName":"common-error.log","coreLogger":{"consoleLevel":"WARN"},"allowDebugAtProd":false,"type":"application"}
2021-06-20 15:26:48,134 INFO 8448 [egg-multipart] stream mode enable
2021-06-20 15:26:48,494 INFO 8448 [egg-static] starting static serve /public/ -> G:\project\beauty\app\public
2021-06-20 15:26:48,496 INFO 8448 [egg-security] use methodnoallow middleware
2021-06-20 15:26:48,496 INFO 8448 [egg-security] use noopen middleware
2021-06-20 15:26:48,497 INFO 8448 [egg-security] use nosniff middleware
2021-06-20 15:26:48,497 INFO 8448 [egg-security] use xssProtection middleware
2021-06-20 15:26:48,498 INFO 8448 [egg-security] use xframe middleware
2021-06-20 15:26:48,498 INFO 8448 [egg-security] use dta middleware
2021-06-20 15:26:48,498 INFO 8448 [egg-security] compose 6 middlewares into one security middleware
2021-06-20 15:26:48,529 INFO 8448 [egg:core] dump config after load, 8ms
2021-06-20 15:26:48,554 INFO 8448 [egg-watcher:application] watcher start success
2021-06-20 15:26:48,577 INFO 8448 [egg:core] dump config after ready, 6ms
2021-06-20 15:27:21,830 INFO 17412 [egg:logger] init all loggers with options: {"dir":"G:\\project\\beauty\\logs\\beauty","encoding":"utf8","env":"local","level":"INFO","consoleLevel":"INFO","disableConsoleAfterReady":false,"outputJSON":false,"buffer":true,"appLogName":"beauty-web.log","coreLogName":"egg-web.log","agentLogName":"egg-agent.log","errorLogName":"common-error.log","coreLogger":{"consoleLevel":"WARN"},"allowDebugAtProd":false,"type":"application"}
2021-06-20 15:27:21,860 INFO 17412 [egg-multipart] stream mode enable
2021-06-20 15:27:22,193 INFO 17412 [egg-static] starting static serve /public/ -> G:\project\beauty\app\public
2021-06-20 15:27:22,198 INFO 17412 [egg-security] use methodnoallow middleware
2021-06-20 15:27:22,200 INFO 17412 [egg-security] use noopen middleware
2021-06-20 15:27:22,202 INFO 17412 [egg-security] use nosniff middleware
2021-06-20 15:27:22,203 INFO 17412 [egg-security] use xssProtection middleware
2021-06-20 15:27:22,204 INFO 17412 [egg-security] use xframe middleware
2021-06-20 15:27:22,206 INFO 17412 [egg-security] use dta middleware
2021-06-20 15:27:22,206 INFO 17412 [egg-security] compose 6 middlewares into one security middleware
2021-06-20 15:27:22,298 INFO 17412 [egg:core] dump config after load, 9ms
2021-06-20 15:27:22,334 INFO 17412 [egg-watcher:application] watcher start success
2021-06-20 15:27:22,357 INFO 17412 [egg:core] dump config after ready, 6ms
2021-06-20 15:27:30,623 INFO 15400 [egg:logger] init all loggers with options: {"dir":"G:\\project\\beauty\\logs\\beauty","encoding":"utf8","env":"local","level":"INFO","consoleLevel":"INFO","disableConsoleAfterReady":false,"outputJSON":false,"buffer":true,"appLogName":"beauty-web.log","coreLogName":"egg-web.log","agentLogName":"egg-agent.log","errorLogName":"common-error.log","coreLogger":{"consoleLevel":"WARN"},"allowDebugAtProd":false,"type":"application"}
2021-06-20 15:27:30,646 INFO 15400 [egg-multipart] stream mode enable
2021-06-20 15:27:31,019 INFO 15400 [egg-static] starting static serve /public/ -> G:\project\beauty\app\public
2021-06-20 15:27:31,021 INFO 15400 [egg-security] use methodnoallow middleware
2021-06-20 15:27:31,021 INFO 15400 [egg-security] use noopen middleware
2021-06-20 15:27:31,022 INFO 15400 [egg-security] use nosniff middleware
2021-06-20 15:27:31,022 INFO 15400 [egg-security] use xssProtection middleware
2021-06-20 15:27:31,023 INFO 15400 [egg-security] use xframe middleware
2021-06-20 15:27:31,023 INFO 15400 [egg-security] use dta middleware
2021-06-20 15:27:31,023 INFO 15400 [egg-security] compose 6 middlewares into one security middleware
2021-06-20 15:27:31,054 INFO 15400 [egg:core] dump config after load, 6ms
2021-06-20 15:27:31,084 INFO 15400 [egg-watcher:application] watcher start success
2021-06-20 15:27:31,109 INFO 15400 [egg:core] dump config after ready, 6ms
2021-06-20 15:28:02,661 INFO 21108 [egg:logger] init all loggers with options: {"dir":"G:\\project\\beauty\\logs\\beauty","encoding":"utf8","env":"local","level":"INFO","consoleLevel":"INFO","disableConsoleAfterReady":false,"outputJSON":false,"buffer":true,"appLogName":"beauty-web.log","coreLogName":"egg-web.log","agentLogName":"egg-agent.log","errorLogName":"common-error.log","coreLogger":{"consoleLevel":"WARN"},"allowDebugAtProd":false,"type":"application"}
2021-06-20 15:28:02,707 INFO 21108 [egg-multipart] stream mode enable
2021-06-20 15:28:03,088 INFO 21108 [egg-static] starting static serve /public/ -> G:\project\beauty\app\public
2021-06-20 15:28:03,089 INFO 21108 [egg-security] use methodnoallow middleware
2021-06-20 15:28:03,090 INFO 21108 [egg-security] use noopen middleware
2021-06-20 15:28:03,090 INFO 21108 [egg-security] use nosniff middleware
2021-06-20 15:28:03,091 INFO 21108 [egg-security] use xssProtection middleware
2021-06-20 15:28:03,091 INFO 21108 [egg-security] use xframe middleware
2021-06-20 15:28:03,092 INFO 21108 [egg-security] use dta middleware
2021-06-20 15:28:03,092 INFO 21108 [egg-security] compose 6 middlewares into one security middleware
2021-06-20 15:28:03,118 INFO 21108 [egg:core] dump config after load, 4ms
2021-06-20 15:28:03,143 INFO 21108 [egg-watcher:application] watcher start success
2021-06-20 15:28:03,165 INFO 21108 [egg:core] dump config after ready, 5ms
2021-06-20 15:28:13,777 INFO 1964 [egg:logger] init all loggers with options: {"dir":"G:\\project\\beauty\\logs\\beauty","encoding":"utf8","env":"local","level":"INFO","consoleLevel":"INFO","disableConsoleAfterReady":false,"outputJSON":false,"buffer":true,"appLogName":"beauty-web.log","coreLogName":"egg-web.log","agentLogName":"egg-agent.log","errorLogName":"common-error.log","coreLogger":{"consoleLevel":"WARN"},"allowDebugAtProd":false,"type":"application"}
2021-06-20 15:28:13,805 INFO 1964 [egg-multipart] stream mode enable
2021-06-20 15:28:14,125 INFO 1964 [egg-static] starting static serve /public/ -> G:\project\beauty\app\public
2021-06-20 15:28:14,128 INFO 1964 [egg-security] use methodnoallow middleware
2021-06-20 15:28:14,129 INFO 1964 [egg-security] use noopen middleware
2021-06-20 15:28:14,131 INFO 1964 [egg-security] use nosniff middleware
2021-06-20 15:28:14,132 INFO 1964 [egg-security] use xssProtection middleware
2021-06-20 15:28:14,133 INFO 1964 [egg-security] use xframe middleware
2021-06-20 15:28:14,134 INFO 1964 [egg-security] use dta middleware
2021-06-20 15:28:14,134 INFO 1964 [egg-security] compose 6 middlewares into one security middleware
2021-06-20 15:28:14,175 INFO 1964 [egg:core] dump config after load, 4ms
2021-06-20 15:28:14,218 INFO 1964 [egg-watcher:application] watcher start success
2021-06-20 15:28:14,244 INFO 1964 [egg:core] dump config after ready, 7ms
2021-06-20 15:28:16,092 INFO 17528 [egg:logger] init all loggers with options: {"dir":"G:\\project\\beauty\\logs\\beauty","encoding":"utf8","env":"local","level":"INFO","consoleLevel":"INFO","disableConsoleAfterReady":false,"outputJSON":false,"buffer":true,"appLogName":"beauty-web.log","coreLogName":"egg-web.log","agentLogName":"egg-agent.log","errorLogName":"common-error.log","coreLogger":{"consoleLevel":"WARN"},"allowDebugAtProd":false,"type":"application"}
2021-06-20 15:28:16,115 INFO 17528 [egg-multipart] stream mode enable
2021-06-20 15:28:16,468 INFO 17528 [egg-static] starting static serve /public/ -> G:\project\beauty\app\public
2021-06-20 15:28:16,470 INFO 17528 [egg-security] use methodnoallow middleware
2021-06-20 15:28:16,471 INFO 17528 [egg-security] use noopen middleware
2021-06-20 15:28:16,471 INFO 17528 [egg-security] use nosniff middleware
2021-06-20 15:28:16,472 INFO 17528 [egg-security] use xssProtection middleware
2021-06-20 15:28:16,472 INFO 17528 [egg-security] use xframe middleware
2021-06-20 15:28:16,473 INFO 17528 [egg-security] use dta middleware
2021-06-20 15:28:16,473 INFO 17528 [egg-security] compose 6 middlewares into one security middleware
2021-06-20 15:28:16,500 INFO 17528 [egg:core] dump config after load, 4ms
2021-06-20 15:28:16,530 INFO 17528 [egg-watcher:application] watcher start success
2021-06-20 15:28:16,581 INFO 17528 [egg:core] dump config after ready, 11ms
2021-06-20 15:56:49,725 INFO 1708 [egg:logger] init all loggers with options: {"dir":"G:\\project\\beauty\\logs\\beauty","encoding":"utf8","env":"local","level":"INFO","consoleLevel":"INFO","disableConsoleAfterReady":false,"outputJSON":false,"buffer":true,"appLogName":"beauty-web.log","coreLogName":"egg-web.log","agentLogName":"egg-agent.log","errorLogName":"common-error.log","coreLogger":{"consoleLevel":"WARN"},"allowDebugAtProd":false,"type":"application"}
2021-06-20 15:56:49,750 INFO 1708 [egg-multipart] stream mode enable
2021-06-20 15:56:50,134 INFO 1708 [egg-static] starting static serve /public/ -> G:\project\beauty\app\public
2021-06-20 15:56:50,136 INFO 1708 [egg-security] use methodnoallow middleware
2021-06-20 15:56:50,136 INFO 1708 [egg-security] use noopen middleware
2021-06-20 15:56:50,137 INFO 1708 [egg-security] use nosniff middleware
2021-06-20 15:56:50,137 INFO 1708 [egg-security] use xssProtection middleware
2021-06-20 15:56:50,138 INFO 1708 [egg-security] use xframe middleware
2021-06-20 15:56:50,139 INFO 1708 [egg-security] use dta middleware
2021-06-20 15:56:50,139 INFO 1708 [egg-security] compose 6 middlewares into one security middleware
2021-06-20 15:56:50,169 INFO 1708 [egg:core] dump config after load, 6ms
2021-06-20 15:56:50,197 INFO 1708 [egg-watcher:application] watcher start success
2021-06-20 15:56:50,221 INFO 1708 [egg:core] dump config after ready, 7ms
2021-06-20 15:56:51,407 INFO 15924 [egg:logger] init all loggers with options: {"dir":"G:\\project\\beauty\\logs\\beauty","encoding":"utf8","env":"local","level":"INFO","consoleLevel":"INFO","disableConsoleAfterReady":false,"outputJSON":false,"buffer":true,"appLogName":"beauty-web.log","coreLogName":"egg-web.log","agentLogName":"egg-agent.log","errorLogName":"common-error.log","coreLogger":{"consoleLevel":"WARN"},"allowDebugAtProd":false,"type":"application"}
2021-06-20 15:56:51,430 INFO 15924 [egg-multipart] stream mode enable
2021-06-20 15:56:51,760 INFO 15924 [egg-static] starting static serve /public/ -> G:\project\beauty\app\public
2021-06-20 15:56:51,762 INFO 15924 [egg-security] use methodnoallow middleware
2021-06-20 15:56:51,762 INFO 15924 [egg-security] use noopen middleware
2021-06-20 15:56:51,763 INFO 15924 [egg-security] use nosniff middleware
2021-06-20 15:56:51,763 INFO 15924 [egg-security] use xssProtection middleware
2021-06-20 15:56:51,764 INFO 15924 [egg-security] use xframe middleware
2021-06-20 15:56:51,764 INFO 15924 [egg-security] use dta middleware
2021-06-20 15:56:51,764 INFO 15924 [egg-security] compose 6 middlewares into one security middleware
2021-06-20 15:56:51,792 INFO 15924 [egg:core] dump config after load, 5ms
2021-06-20 15:56:51,820 INFO 15924 [egg-watcher:application] watcher start success
2021-06-20 15:56:51,843 INFO 15924 [egg:core] dump config after ready, 5ms
2021-06-20 16:11:18,161 INFO 21540 [egg:logger] init all loggers with options: {"dir":"G:\\project\\beauty\\logs\\beauty","encoding":"utf8","env":"local","level":"INFO","consoleLevel":"INFO","disableConsoleAfterReady":false,"outputJSON":false,"buffer":true,"appLogName":"beauty-web.log","coreLogName":"egg-web.log","agentLogName":"egg-agent.log","errorLogName":"common-error.log","coreLogger":{"consoleLevel":"WARN"},"allowDebugAtProd":false,"type":"application"}
2021-06-20 16:11:18,184 INFO 21540 [egg-multipart] stream mode enable
2021-06-20 16:11:18,561 INFO 21540 [egg-static] starting static serve /public/ -> G:\project\beauty\app\public
2021-06-20 16:11:18,563 INFO 21540 [egg-security] use methodnoallow middleware
2021-06-20 16:11:18,564 INFO 21540 [egg-security] use noopen middleware
2021-06-20 16:11:18,564 INFO 21540 [egg-security] use nosniff middleware
2021-06-20 16:11:18,565 INFO 21540 [egg-security] use xssProtection middleware
2021-06-20 16:11:18,565 INFO 21540 [egg-security] use xframe middleware
2021-06-20 16:11:18,566 INFO 21540 [egg-security] use dta middleware
2021-06-20 16:11:18,566 INFO 21540 [egg-security] compose 6 middlewares into one security middleware
2021-06-20 16:11:18,603 INFO 21540 [egg:core] dump config after load, 5ms
2021-06-20 16:11:18,629 INFO 21540 [egg-watcher:application] watcher start success
2021-06-20 16:11:18,651 INFO 21540 [egg:core] dump config after ready, 5ms
2021-06-20 16:11:19,434 INFO 14260 [egg:logger] init all loggers with options: {"dir":"G:\\project\\beauty\\logs\\beauty","encoding":"utf8","env":"local","level":"INFO","consoleLevel":"INFO","disableConsoleAfterReady":false,"outputJSON":false,"buffer":true,"appLogName":"beauty-web.log","coreLogName":"egg-web.log","agentLogName":"egg-agent.log","errorLogName":"common-error.log","coreLogger":{"consoleLevel":"WARN"},"allowDebugAtProd":false,"type":"application"}
2021-06-20 16:11:19,458 INFO 14260 [egg-multipart] stream mode enable
2021-06-20 16:11:19,815 INFO 14260 [egg-static] starting static serve /public/ -> G:\project\beauty\app\public
2021-06-20 16:11:19,817 INFO 14260 [egg-security] use methodnoallow middleware
2021-06-20 16:11:19,817 INFO 14260 [egg-security] use noopen middleware
2021-06-20 16:11:19,818 INFO 14260 [egg-security] use nosniff middleware
2021-06-20 16:11:19,818 INFO 14260 [egg-security] use xssProtection middleware
2021-06-20 16:11:19,818 INFO 14260 [egg-security] use xframe middleware
2021-06-20 16:11:19,819 INFO 14260 [egg-security] use dta middleware
2021-06-20 16:11:19,819 INFO 14260 [egg-security] compose 6 middlewares into one security middleware
2021-06-20 16:11:19,848 INFO 14260 [egg:core] dump config after load, 5ms
2021-06-20 16:11:19,877 INFO 14260 [egg-watcher:application] watcher start success
2021-06-20 16:11:19,899 INFO 14260 [egg:core] dump config after ready, 5ms
2021-06-20 16:11:20,909 INFO 14108 [egg:logger] init all loggers with options: {"dir":"G:\\project\\beauty\\logs\\beauty","encoding":"utf8","env":"local","level":"INFO","consoleLevel":"INFO","disableConsoleAfterReady":false,"outputJSON":false,"buffer":true,"appLogName":"beauty-web.log","coreLogName":"egg-web.log","agentLogName":"egg-agent.log","errorLogName":"common-error.log","coreLogger":{"consoleLevel":"WARN"},"allowDebugAtProd":false,"type":"application"}
2021-06-20 16:11:20,932 INFO 14108 [egg-multipart] stream mode enable
2021-06-20 16:11:21,324 INFO 14108 [egg-static] starting static serve /public/ -> G:\project\beauty\app\public
2021-06-20 16:11:21,326 INFO 14108 [egg-security] use methodnoallow middleware
2021-06-20 16:11:21,327 INFO 14108 [egg-security] use noopen middleware
2021-06-20 16:11:21,327 INFO 14108 [egg-security] use nosniff middleware
2021-06-20 16:11:21,328 INFO 14108 [egg-security] use xssProtection middleware
2021-06-20 16:11:21,328 INFO 14108 [egg-security] use xframe middleware
2021-06-20 16:11:21,329 INFO 14108 [egg-security] use dta middleware
2021-06-20 16:11:21,329 INFO 14108 [egg-security] compose 6 middlewares into one security middleware
2021-06-20 16:11:21,364 INFO 14108 [egg:core] dump config after load, 10ms
2021-06-20 16:11:21,424 INFO 14108 [egg-watcher:application] watcher start success
2021-06-20 16:11:21,461 INFO 14108 [egg:core] dump config after ready, 8ms
