2021-06-09 11:12:06,037 INFO 21983 [Timer] /Users/maowei/Documents/beauty/node_modules/egg-multipart/app/schedule/clean_tmpdir.js next time will execute after 62273964ms at 2021-06-10 04:30:00.001
2021-06-09 11:12:06,038 INFO 21983 [Timer] /Users/maowei/Documents/beauty/node_modules/egg-logrotator/app/schedule/clean_log.js next time will execute after 46073963ms at 2021-06-10 00:00:00.001
2021-06-09 11:12:06,038 INFO 21983 [Timer] /Users/maowei/Documents/beauty/node_modules/egg-logrotator/app/schedule/rotate_by_file.js next time will execute after 46074962ms at 2021-06-10 00:00:01.000
2021-06-09 11:12:05,948 INFO 21988 [egg-schedule]: register schedule /Users/maowei/Documents/beauty/node_modules/egg-multipart/app/schedule/clean_tmpdir.js
2021-06-09 11:12:05,948 INFO 21988 [egg-schedule]: register schedule /Users/maowei/Documents/beauty/node_modules/egg-logrotator/app/schedule/clean_log.js
2021-06-09 11:12:05,948 INFO 21988 [egg-schedule]: register schedule /Users/maowei/Documents/beauty/node_modules/egg-logrotator/app/schedule/rotate_by_file.js
2021-06-13 18:35:09,175 INFO 17484 [Timer] G:\project\beauty\node_modules\egg-multipart\app\schedule\clean_tmpdir.js next time will execute after 35690826ms at 2021-06-14 04:30:00.001
2021-06-13 18:35:09,176 INFO 17484 [Timer] G:\project\beauty\node_modules\egg-logrotator\app\schedule\clean_log.js next time will execute after 19490825ms at 2021-06-14 00:00:00.001
2021-06-13 18:35:09,176 INFO 17484 [Timer] G:\project\beauty\node_modules\egg-logrotator\app\schedule\rotate_by_file.js next time will execute after 19491824ms at 2021-06-14 00:00:01.000
2021-06-13 18:35:08,758 INFO 17556 [egg-schedule]: register schedule G:\project\beauty\node_modules\egg-multipart\app\schedule\clean_tmpdir.js
2021-06-13 18:35:08,758 INFO 17556 [egg-schedule]: register schedule G:\project\beauty\node_modules\egg-logrotator\app\schedule\clean_log.js
2021-06-13 18:35:08,758 INFO 17556 [egg-schedule]: register schedule G:\project\beauty\node_modules\egg-logrotator\app\schedule\rotate_by_file.js
2021-06-13 18:57:12,191 INFO 17240 [egg-schedule]: register schedule G:\project\beauty\node_modules\egg-multipart\app\schedule\clean_tmpdir.js
2021-06-13 18:57:12,192 INFO 17240 [egg-schedule]: register schedule G:\project\beauty\node_modules\egg-logrotator\app\schedule\clean_log.js
2021-06-13 18:57:12,192 INFO 17240 [egg-schedule]: register schedule G:\project\beauty\node_modules\egg-logrotator\app\schedule\rotate_by_file.js
2021-06-13 18:58:31,813 INFO 11428 [egg-schedule]: register schedule G:\project\beauty\node_modules\egg-multipart\app\schedule\clean_tmpdir.js
2021-06-13 18:58:31,813 INFO 11428 [egg-schedule]: register schedule G:\project\beauty\node_modules\egg-logrotator\app\schedule\clean_log.js
2021-06-13 18:58:31,813 INFO 11428 [egg-schedule]: register schedule G:\project\beauty\node_modules\egg-logrotator\app\schedule\rotate_by_file.js
2021-06-13 18:58:33,337 INFO 16200 [egg-schedule]: register schedule G:\project\beauty\node_modules\egg-multipart\app\schedule\clean_tmpdir.js
2021-06-13 18:58:33,337 INFO 16200 [egg-schedule]: register schedule G:\project\beauty\node_modules\egg-logrotator\app\schedule\clean_log.js
2021-06-13 18:58:33,337 INFO 16200 [egg-schedule]: register schedule G:\project\beauty\node_modules\egg-logrotator\app\schedule\rotate_by_file.js
2021-06-13 19:02:15,020 INFO 7600 [egg-schedule]: register schedule G:\project\beauty\node_modules\egg-multipart\app\schedule\clean_tmpdir.js
2021-06-13 19:02:15,020 INFO 7600 [egg-schedule]: register schedule G:\project\beauty\node_modules\egg-logrotator\app\schedule\clean_log.js
2021-06-13 19:02:15,020 INFO 7600 [egg-schedule]: register schedule G:\project\beauty\node_modules\egg-logrotator\app\schedule\rotate_by_file.js
2021-06-13 19:02:16,650 INFO 13196 [egg-schedule]: register schedule G:\project\beauty\node_modules\egg-multipart\app\schedule\clean_tmpdir.js
2021-06-13 19:02:16,650 INFO 13196 [egg-schedule]: register schedule G:\project\beauty\node_modules\egg-logrotator\app\schedule\clean_log.js
2021-06-13 19:02:16,650 INFO 13196 [egg-schedule]: register schedule G:\project\beauty\node_modules\egg-logrotator\app\schedule\rotate_by_file.js
2021-06-13 19:04:27,970 INFO 18340 [egg-schedule]: register schedule G:\project\beauty\node_modules\egg-multipart\app\schedule\clean_tmpdir.js
2021-06-13 19:04:27,970 INFO 18340 [egg-schedule]: register schedule G:\project\beauty\node_modules\egg-logrotator\app\schedule\clean_log.js
2021-06-13 19:04:27,970 INFO 18340 [egg-schedule]: register schedule G:\project\beauty\node_modules\egg-logrotator\app\schedule\rotate_by_file.js
2021-06-13 19:09:03,168 INFO 19128 [egg-schedule]: register schedule G:\project\beauty\node_modules\egg-multipart\app\schedule\clean_tmpdir.js
2021-06-13 19:09:03,168 INFO 19128 [egg-schedule]: register schedule G:\project\beauty\node_modules\egg-logrotator\app\schedule\clean_log.js
2021-06-13 19:09:03,168 INFO 19128 [egg-schedule]: register schedule G:\project\beauty\node_modules\egg-logrotator\app\schedule\rotate_by_file.js
2021-06-13 19:09:04,825 INFO 19760 [egg-schedule]: register schedule G:\project\beauty\node_modules\egg-multipart\app\schedule\clean_tmpdir.js
2021-06-13 19:09:04,825 INFO 19760 [egg-schedule]: register schedule G:\project\beauty\node_modules\egg-logrotator\app\schedule\clean_log.js
2021-06-13 19:09:04,825 INFO 19760 [egg-schedule]: register schedule G:\project\beauty\node_modules\egg-logrotator\app\schedule\rotate_by_file.js
2021-06-13 19:09:38,418 INFO 20296 [egg-schedule]: register schedule G:\project\beauty\node_modules\egg-multipart\app\schedule\clean_tmpdir.js
2021-06-13 19:09:38,418 INFO 20296 [egg-schedule]: register schedule G:\project\beauty\node_modules\egg-logrotator\app\schedule\clean_log.js
2021-06-13 19:09:38,418 INFO 20296 [egg-schedule]: register schedule G:\project\beauty\node_modules\egg-logrotator\app\schedule\rotate_by_file.js
2021-06-13 19:12:39,829 INFO 15316 [egg-schedule]: register schedule G:\project\beauty\node_modules\egg-multipart\app\schedule\clean_tmpdir.js
2021-06-13 19:12:39,829 INFO 15316 [egg-schedule]: register schedule G:\project\beauty\node_modules\egg-logrotator\app\schedule\clean_log.js
2021-06-13 19:12:39,829 INFO 15316 [egg-schedule]: register schedule G:\project\beauty\node_modules\egg-logrotator\app\schedule\rotate_by_file.js
2021-06-13 19:15:37,391 INFO 13180 [egg-schedule]: register schedule G:\project\beauty\node_modules\egg-multipart\app\schedule\clean_tmpdir.js
2021-06-13 19:15:37,391 INFO 13180 [egg-schedule]: register schedule G:\project\beauty\node_modules\egg-logrotator\app\schedule\clean_log.js
2021-06-13 19:15:37,391 INFO 13180 [egg-schedule]: register schedule G:\project\beauty\node_modules\egg-logrotator\app\schedule\rotate_by_file.js
2021-06-13 19:15:51,451 INFO 13556 [egg-schedule]: register schedule G:\project\beauty\node_modules\egg-multipart\app\schedule\clean_tmpdir.js
2021-06-13 19:15:51,451 INFO 13556 [egg-schedule]: register schedule G:\project\beauty\node_modules\egg-logrotator\app\schedule\clean_log.js
2021-06-13 19:15:51,451 INFO 13556 [egg-schedule]: register schedule G:\project\beauty\node_modules\egg-logrotator\app\schedule\rotate_by_file.js
2021-06-13 19:19:37,774 INFO 14184 [egg-schedule]: register schedule G:\project\beauty\node_modules\egg-multipart\app\schedule\clean_tmpdir.js
2021-06-13 19:19:37,774 INFO 14184 [egg-schedule]: register schedule G:\project\beauty\node_modules\egg-logrotator\app\schedule\clean_log.js
2021-06-13 19:19:37,774 INFO 14184 [egg-schedule]: register schedule G:\project\beauty\node_modules\egg-logrotator\app\schedule\rotate_by_file.js
2021-06-13 19:19:39,340 INFO 10224 [egg-schedule]: register schedule G:\project\beauty\node_modules\egg-multipart\app\schedule\clean_tmpdir.js
2021-06-13 19:19:39,340 INFO 10224 [egg-schedule]: register schedule G:\project\beauty\node_modules\egg-logrotator\app\schedule\clean_log.js
2021-06-13 19:19:39,340 INFO 10224 [egg-schedule]: register schedule G:\project\beauty\node_modules\egg-logrotator\app\schedule\rotate_by_file.js
2021-06-13 19:20:45,955 INFO 10164 [egg-schedule]: register schedule G:\project\beauty\node_modules\egg-multipart\app\schedule\clean_tmpdir.js
2021-06-13 19:20:45,955 INFO 10164 [egg-schedule]: register schedule G:\project\beauty\node_modules\egg-logrotator\app\schedule\clean_log.js
2021-06-13 19:20:45,955 INFO 10164 [egg-schedule]: register schedule G:\project\beauty\node_modules\egg-logrotator\app\schedule\rotate_by_file.js
2021-06-13 19:20:50,182 INFO 19888 [egg-schedule]: register schedule G:\project\beauty\node_modules\egg-multipart\app\schedule\clean_tmpdir.js
2021-06-13 19:20:50,182 INFO 19888 [egg-schedule]: register schedule G:\project\beauty\node_modules\egg-logrotator\app\schedule\clean_log.js
2021-06-13 19:20:50,182 INFO 19888 [egg-schedule]: register schedule G:\project\beauty\node_modules\egg-logrotator\app\schedule\rotate_by_file.js
2021-06-13 19:24:07,416 INFO 14464 [egg-schedule]: register schedule G:\project\beauty\node_modules\egg-multipart\app\schedule\clean_tmpdir.js
2021-06-13 19:24:07,417 INFO 14464 [egg-schedule]: register schedule G:\project\beauty\node_modules\egg-logrotator\app\schedule\clean_log.js
2021-06-13 19:24:07,417 INFO 14464 [egg-schedule]: register schedule G:\project\beauty\node_modules\egg-logrotator\app\schedule\rotate_by_file.js
2021-06-13 19:26:38,723 INFO 20248 [egg-schedule]: register schedule G:\project\beauty\node_modules\egg-multipart\app\schedule\clean_tmpdir.js
2021-06-13 19:26:38,723 INFO 20248 [egg-schedule]: register schedule G:\project\beauty\node_modules\egg-logrotator\app\schedule\clean_log.js
2021-06-13 19:26:38,723 INFO 20248 [egg-schedule]: register schedule G:\project\beauty\node_modules\egg-logrotator\app\schedule\rotate_by_file.js
2021-06-13 19:29:31,760 INFO 9064 [egg-schedule]: register schedule G:\project\beauty\node_modules\egg-multipart\app\schedule\clean_tmpdir.js
2021-06-13 19:29:31,760 INFO 9064 [egg-schedule]: register schedule G:\project\beauty\node_modules\egg-logrotator\app\schedule\clean_log.js
2021-06-13 19:29:31,760 INFO 9064 [egg-schedule]: register schedule G:\project\beauty\node_modules\egg-logrotator\app\schedule\rotate_by_file.js
2021-06-13 19:29:33,335 INFO 14276 [egg-schedule]: register schedule G:\project\beauty\node_modules\egg-multipart\app\schedule\clean_tmpdir.js
2021-06-13 19:29:33,335 INFO 14276 [egg-schedule]: register schedule G:\project\beauty\node_modules\egg-logrotator\app\schedule\clean_log.js
2021-06-13 19:29:33,335 INFO 14276 [egg-schedule]: register schedule G:\project\beauty\node_modules\egg-logrotator\app\schedule\rotate_by_file.js
2021-06-13 19:29:49,709 INFO 9064 [egg-schedule]: register schedule G:\project\beauty\node_modules\egg-multipart\app\schedule\clean_tmpdir.js
2021-06-13 19:29:49,709 INFO 9064 [egg-schedule]: register schedule G:\project\beauty\node_modules\egg-logrotator\app\schedule\clean_log.js
2021-06-13 19:29:49,709 INFO 9064 [egg-schedule]: register schedule G:\project\beauty\node_modules\egg-logrotator\app\schedule\rotate_by_file.js
2021-06-13 19:30:08,140 INFO 17560 [egg-schedule]: register schedule G:\project\beauty\node_modules\egg-multipart\app\schedule\clean_tmpdir.js
2021-06-13 19:30:08,140 INFO 17560 [egg-schedule]: register schedule G:\project\beauty\node_modules\egg-logrotator\app\schedule\clean_log.js
2021-06-13 19:30:08,140 INFO 17560 [egg-schedule]: register schedule G:\project\beauty\node_modules\egg-logrotator\app\schedule\rotate_by_file.js
2021-06-13 19:32:20,599 INFO 3808 [egg-schedule]: register schedule G:\project\beauty\node_modules\egg-multipart\app\schedule\clean_tmpdir.js
2021-06-13 19:32:20,599 INFO 3808 [egg-schedule]: register schedule G:\project\beauty\node_modules\egg-logrotator\app\schedule\clean_log.js
2021-06-13 19:32:20,599 INFO 3808 [egg-schedule]: register schedule G:\project\beauty\node_modules\egg-logrotator\app\schedule\rotate_by_file.js
2021-06-13 19:32:29,945 INFO 3340 [egg-schedule]: register schedule G:\project\beauty\node_modules\egg-multipart\app\schedule\clean_tmpdir.js
2021-06-13 19:32:29,945 INFO 3340 [egg-schedule]: register schedule G:\project\beauty\node_modules\egg-logrotator\app\schedule\clean_log.js
2021-06-13 19:32:29,945 INFO 3340 [egg-schedule]: register schedule G:\project\beauty\node_modules\egg-logrotator\app\schedule\rotate_by_file.js
2021-06-13 19:32:34,399 INFO 2592 [egg-schedule]: register schedule G:\project\beauty\node_modules\egg-multipart\app\schedule\clean_tmpdir.js
2021-06-13 19:32:34,399 INFO 2592 [egg-schedule]: register schedule G:\project\beauty\node_modules\egg-logrotator\app\schedule\clean_log.js
2021-06-13 19:32:34,399 INFO 2592 [egg-schedule]: register schedule G:\project\beauty\node_modules\egg-logrotator\app\schedule\rotate_by_file.js
2021-06-13 19:37:30,117 INFO 16732 [egg-schedule]: register schedule G:\project\beauty\node_modules\egg-multipart\app\schedule\clean_tmpdir.js
2021-06-13 19:37:30,117 INFO 16732 [egg-schedule]: register schedule G:\project\beauty\node_modules\egg-logrotator\app\schedule\clean_log.js
2021-06-13 19:37:30,117 INFO 16732 [egg-schedule]: register schedule G:\project\beauty\node_modules\egg-logrotator\app\schedule\rotate_by_file.js
2021-06-13 19:37:31,686 INFO 17388 [egg-schedule]: register schedule G:\project\beauty\node_modules\egg-multipart\app\schedule\clean_tmpdir.js
2021-06-13 19:37:31,686 INFO 17388 [egg-schedule]: register schedule G:\project\beauty\node_modules\egg-logrotator\app\schedule\clean_log.js
2021-06-13 19:37:31,686 INFO 17388 [egg-schedule]: register schedule G:\project\beauty\node_modules\egg-logrotator\app\schedule\rotate_by_file.js
2021-06-13 19:40:47,857 INFO 19724 [egg-schedule]: register schedule G:\project\beauty\node_modules\egg-multipart\app\schedule\clean_tmpdir.js
2021-06-13 19:40:47,857 INFO 19724 [egg-schedule]: register schedule G:\project\beauty\node_modules\egg-logrotator\app\schedule\clean_log.js
2021-06-13 19:40:47,857 INFO 19724 [egg-schedule]: register schedule G:\project\beauty\node_modules\egg-logrotator\app\schedule\rotate_by_file.js
2021-06-13 19:40:55,134 INFO 18048 [egg-schedule]: register schedule G:\project\beauty\node_modules\egg-multipart\app\schedule\clean_tmpdir.js
2021-06-13 19:40:55,134 INFO 18048 [egg-schedule]: register schedule G:\project\beauty\node_modules\egg-logrotator\app\schedule\clean_log.js
2021-06-13 19:40:55,134 INFO 18048 [egg-schedule]: register schedule G:\project\beauty\node_modules\egg-logrotator\app\schedule\rotate_by_file.js
2021-06-13 19:42:08,371 INFO 17244 [egg-schedule]: register schedule G:\project\beauty\node_modules\egg-multipart\app\schedule\clean_tmpdir.js
2021-06-13 19:42:08,371 INFO 17244 [egg-schedule]: register schedule G:\project\beauty\node_modules\egg-logrotator\app\schedule\clean_log.js
2021-06-13 19:42:08,371 INFO 17244 [egg-schedule]: register schedule G:\project\beauty\node_modules\egg-logrotator\app\schedule\rotate_by_file.js
2021-06-20 15:25:26,264 INFO 21472 [Timer] G:\project\beauty\node_modules\egg-multipart\app\schedule\clean_tmpdir.js next time will execute after 47073738ms at 2021-06-21 04:30:00.002
2021-06-20 15:25:26,264 INFO 21472 [Timer] G:\project\beauty\node_modules\egg-logrotator\app\schedule\clean_log.js next time will execute after 30873736ms at 2021-06-21 00:00:00.000
2021-06-20 15:25:26,264 INFO 21472 [Timer] G:\project\beauty\node_modules\egg-logrotator\app\schedule\rotate_by_file.js next time will execute after 30874736ms at 2021-06-21 00:00:01.000
2021-06-20 15:25:25,670 INFO 15280 [egg-schedule]: register schedule G:\project\beauty\node_modules\egg-multipart\app\schedule\clean_tmpdir.js
2021-06-20 15:25:25,670 INFO 15280 [egg-schedule]: register schedule G:\project\beauty\node_modules\egg-logrotator\app\schedule\clean_log.js
2021-06-20 15:25:25,670 INFO 15280 [egg-schedule]: register schedule G:\project\beauty\node_modules\egg-logrotator\app\schedule\rotate_by_file.js
2021-06-20 15:26:13,083 INFO 3016 [Timer] G:\project\beauty\node_modules\egg-multipart\app\schedule\clean_tmpdir.js next time will execute after 47026918ms at 2021-06-21 04:30:00.001
2021-06-20 15:26:13,084 INFO 3016 [Timer] G:\project\beauty\node_modules\egg-logrotator\app\schedule\clean_log.js next time will execute after 30826917ms at 2021-06-21 00:00:00.001
2021-06-20 15:26:13,084 INFO 3016 [Timer] G:\project\beauty\node_modules\egg-logrotator\app\schedule\rotate_by_file.js next time will execute after 30827916ms at 2021-06-21 00:00:01.000
2021-06-20 15:26:12,677 INFO 3980 [egg-schedule]: register schedule G:\project\beauty\node_modules\egg-multipart\app\schedule\clean_tmpdir.js
2021-06-20 15:26:12,677 INFO 3980 [egg-schedule]: register schedule G:\project\beauty\node_modules\egg-logrotator\app\schedule\clean_log.js
2021-06-20 15:26:12,677 INFO 3980 [egg-schedule]: register schedule G:\project\beauty\node_modules\egg-logrotator\app\schedule\rotate_by_file.js
2021-06-20 15:26:22,574 INFO 7056 [egg-schedule]: register schedule G:\project\beauty\node_modules\egg-multipart\app\schedule\clean_tmpdir.js
2021-06-20 15:26:22,574 INFO 7056 [egg-schedule]: register schedule G:\project\beauty\node_modules\egg-logrotator\app\schedule\clean_log.js
2021-06-20 15:26:22,574 INFO 7056 [egg-schedule]: register schedule G:\project\beauty\node_modules\egg-logrotator\app\schedule\rotate_by_file.js
2021-06-20 15:26:31,811 INFO 2196 [egg-schedule]: register schedule G:\project\beauty\node_modules\egg-multipart\app\schedule\clean_tmpdir.js
2021-06-20 15:26:31,811 INFO 2196 [egg-schedule]: register schedule G:\project\beauty\node_modules\egg-logrotator\app\schedule\clean_log.js
2021-06-20 15:26:31,811 INFO 2196 [egg-schedule]: register schedule G:\project\beauty\node_modules\egg-logrotator\app\schedule\rotate_by_file.js
2021-06-20 15:26:39,917 INFO 3448 [egg-schedule]: register schedule G:\project\beauty\node_modules\egg-multipart\app\schedule\clean_tmpdir.js
2021-06-20 15:26:39,917 INFO 3448 [egg-schedule]: register schedule G:\project\beauty\node_modules\egg-logrotator\app\schedule\clean_log.js
2021-06-20 15:26:39,917 INFO 3448 [egg-schedule]: register schedule G:\project\beauty\node_modules\egg-logrotator\app\schedule\rotate_by_file.js
2021-06-20 15:26:48,133 INFO 8448 [egg-schedule]: register schedule G:\project\beauty\node_modules\egg-multipart\app\schedule\clean_tmpdir.js
2021-06-20 15:26:48,133 INFO 8448 [egg-schedule]: register schedule G:\project\beauty\node_modules\egg-logrotator\app\schedule\clean_log.js
2021-06-20 15:26:48,133 INFO 8448 [egg-schedule]: register schedule G:\project\beauty\node_modules\egg-logrotator\app\schedule\rotate_by_file.js
2021-06-20 15:27:21,859 INFO 17412 [egg-schedule]: register schedule G:\project\beauty\node_modules\egg-multipart\app\schedule\clean_tmpdir.js
2021-06-20 15:27:21,859 INFO 17412 [egg-schedule]: register schedule G:\project\beauty\node_modules\egg-logrotator\app\schedule\clean_log.js
2021-06-20 15:27:21,859 INFO 17412 [egg-schedule]: register schedule G:\project\beauty\node_modules\egg-logrotator\app\schedule\rotate_by_file.js
2021-06-20 15:27:30,645 INFO 15400 [egg-schedule]: register schedule G:\project\beauty\node_modules\egg-multipart\app\schedule\clean_tmpdir.js
2021-06-20 15:27:30,645 INFO 15400 [egg-schedule]: register schedule G:\project\beauty\node_modules\egg-logrotator\app\schedule\clean_log.js
2021-06-20 15:27:30,645 INFO 15400 [egg-schedule]: register schedule G:\project\beauty\node_modules\egg-logrotator\app\schedule\rotate_by_file.js
2021-06-20 15:28:02,706 INFO 21108 [egg-schedule]: register schedule G:\project\beauty\node_modules\egg-multipart\app\schedule\clean_tmpdir.js
2021-06-20 15:28:02,706 INFO 21108 [egg-schedule]: register schedule G:\project\beauty\node_modules\egg-logrotator\app\schedule\clean_log.js
2021-06-20 15:28:02,706 INFO 21108 [egg-schedule]: register schedule G:\project\beauty\node_modules\egg-logrotator\app\schedule\rotate_by_file.js
2021-06-20 15:28:13,804 INFO 1964 [egg-schedule]: register schedule G:\project\beauty\node_modules\egg-multipart\app\schedule\clean_tmpdir.js
2021-06-20 15:28:13,804 INFO 1964 [egg-schedule]: register schedule G:\project\beauty\node_modules\egg-logrotator\app\schedule\clean_log.js
2021-06-20 15:28:13,804 INFO 1964 [egg-schedule]: register schedule G:\project\beauty\node_modules\egg-logrotator\app\schedule\rotate_by_file.js
2021-06-20 15:28:16,115 INFO 17528 [egg-schedule]: register schedule G:\project\beauty\node_modules\egg-multipart\app\schedule\clean_tmpdir.js
2021-06-20 15:28:16,115 INFO 17528 [egg-schedule]: register schedule G:\project\beauty\node_modules\egg-logrotator\app\schedule\clean_log.js
2021-06-20 15:28:16,115 INFO 17528 [egg-schedule]: register schedule G:\project\beauty\node_modules\egg-logrotator\app\schedule\rotate_by_file.js
2021-06-20 15:56:49,749 INFO 1708 [egg-schedule]: register schedule G:\project\beauty\node_modules\egg-multipart\app\schedule\clean_tmpdir.js
2021-06-20 15:56:49,749 INFO 1708 [egg-schedule]: register schedule G:\project\beauty\node_modules\egg-logrotator\app\schedule\clean_log.js
2021-06-20 15:56:49,749 INFO 1708 [egg-schedule]: register schedule G:\project\beauty\node_modules\egg-logrotator\app\schedule\rotate_by_file.js
2021-06-20 15:56:51,429 INFO 15924 [egg-schedule]: register schedule G:\project\beauty\node_modules\egg-multipart\app\schedule\clean_tmpdir.js
2021-06-20 15:56:51,429 INFO 15924 [egg-schedule]: register schedule G:\project\beauty\node_modules\egg-logrotator\app\schedule\clean_log.js
2021-06-20 15:56:51,429 INFO 15924 [egg-schedule]: register schedule G:\project\beauty\node_modules\egg-logrotator\app\schedule\rotate_by_file.js
2021-06-20 16:11:18,658 INFO 23148 [Timer] G:\project\beauty\node_modules\egg-multipart\app\schedule\clean_tmpdir.js next time will execute after 44321344ms at 2021-06-21 04:30:00.001
2021-06-20 16:11:18,658 INFO 23148 [Timer] G:\project\beauty\node_modules\egg-logrotator\app\schedule\clean_log.js next time will execute after 28121342ms at 2021-06-21 00:00:00.000
2021-06-20 16:11:18,658 INFO 23148 [Timer] G:\project\beauty\node_modules\egg-logrotator\app\schedule\rotate_by_file.js next time will execute after 28122342ms at 2021-06-21 00:00:01.000
2021-06-20 16:11:18,183 INFO 21540 [egg-schedule]: register schedule G:\project\beauty\node_modules\egg-multipart\app\schedule\clean_tmpdir.js
2021-06-20 16:11:18,184 INFO 21540 [egg-schedule]: register schedule G:\project\beauty\node_modules\egg-logrotator\app\schedule\clean_log.js
2021-06-20 16:11:18,184 INFO 21540 [egg-schedule]: register schedule G:\project\beauty\node_modules\egg-logrotator\app\schedule\rotate_by_file.js
2021-06-20 16:11:19,457 INFO 14260 [egg-schedule]: register schedule G:\project\beauty\node_modules\egg-multipart\app\schedule\clean_tmpdir.js
2021-06-20 16:11:19,457 INFO 14260 [egg-schedule]: register schedule G:\project\beauty\node_modules\egg-logrotator\app\schedule\clean_log.js
2021-06-20 16:11:19,457 INFO 14260 [egg-schedule]: register schedule G:\project\beauty\node_modules\egg-logrotator\app\schedule\rotate_by_file.js
2021-06-20 16:11:20,931 INFO 14108 [egg-schedule]: register schedule G:\project\beauty\node_modules\egg-multipart\app\schedule\clean_tmpdir.js
2021-06-20 16:11:20,931 INFO 14108 [egg-schedule]: register schedule G:\project\beauty\node_modules\egg-logrotator\app\schedule\clean_log.js
2021-06-20 16:11:20,931 INFO 14108 [egg-schedule]: register schedule G:\project\beauty\node_modules\egg-logrotator\app\schedule\rotate_by_file.js
